#
# There is insufficient memory for the Java Runtime Environment to continue.
# Native memory allocation (malloc) failed to allocate 270656 bytes for Chunk::new
# Possible reasons:
#   The system is out of physical RAM or swap space
#   The process is running with CompressedOops enabled, and the Java Heap may be blocking the growth of the native heap
# Possible solutions:
#   Reduce memory load on the system
#   Increase physical memory or swap space
#   Check if swap backing store is full
#   Decrease Java heap size (-Xmx/-Xms)
#   Decrease number of Java threads
#   Decrease Java thread stack sizes (-Xss)
#   Set larger code cache with -XX:ReservedCodeCacheSize=
#   JVM is running with Unscaled Compressed Oops mode in which the Java heap is
#     placed in the first 4GB address space. The Java Heap base address is the
#     maximum limit for the native heap growth. Please use -XX:HeapBaseMinAddress
#     to set the Java Heap base and to place the Java Heap above 4GB virtual address.
# This output file may be truncated or incomplete.
#
#  Out of Memory Error (allocation.cpp:389), pid=10552, tid=0x0000000000003688
#
# JRE version: OpenJDK Runtime Environment (8.0_202-b03) (build 1.8.0_202-release-1483-b03)
# Java VM: OpenJDK 64-Bit Server VM (25.202-b03 mixed mode windows-amd64 compressed oops)
# Failed to write core dump. Minidumps are not enabled by default on client versions of Windows
#

---------------  T H R E A D  ---------------

Current thread (0x0000000018ae4000):  JavaThread "C2 CompilerThread1" daemon [_thread_in_native, id=13960, stack(0x000000001a230000,0x000000001a330000)]

Stack: [0x000000001a230000,0x000000001a330000]
[error occurred during error reporting (printing stack bounds), id 0xc0000005]

Native frames: (J=compiled Java code, j=interpreted, Vv=VM code, C=native code)


Current CompileTask:
C2:  52506 11011       4       java.util.concurrent.locks.AbstractQueuedSynchronizer$ConditionObject::awaitNanos (156 bytes)


---------------  P R O C E S S  ---------------

Java Threads: ( => current thread )
  0x000000001c5d9000 JavaThread "stdout" [_thread_in_native, id=8820, stack(0x0000000029240000,0x0000000029340000)]
  0x000000001c5d6800 JavaThread "stderr" [_thread_in_native, id=12448, stack(0x0000000029140000,0x0000000029240000)]
  0x000000001c5d8000 JavaThread "pool-5-thread-1" [_thread_blocked, id=13444, stack(0x0000000029650000,0x0000000029750000)]
  0x000000001c5d7800 JavaThread "Cache worker for execution history cache (D:\Rifqy\New folder\rifqy\.gradle\5.1.1\executionHistory)" [_thread_blocked, id=10612, stack(0x0000000029040000,0x0000000029140000)]
  0x000000002360e800 JavaThread "Execution worker for ':' Thread 11" [_thread_blocked, id=1592, stack(0x0000000028f40000,0x0000000029040000)]
  0x000000001b2d9800 JavaThread "Execution worker for ':' Thread 10" [_thread_blocked, id=1016, stack(0x0000000028e40000,0x0000000028f40000)]
  0x000000001b2da800 JavaThread "Execution worker for ':' Thread 9" [_thread_in_native, id=10692, stack(0x0000000028d40000,0x0000000028e40000)]
  0x000000001b2d7800 JavaThread "Execution worker for ':' Thread 8" [_thread_blocked, id=976, stack(0x0000000028c40000,0x0000000028d40000)]
  0x000000001c333000 JavaThread "Execution worker for ':' Thread 7" [_thread_blocked, id=15804, stack(0x0000000028b40000,0x0000000028c40000)]
  0x000000001c332800 JavaThread "Execution worker for ':' Thread 6" [_thread_blocked, id=3020, stack(0x0000000028a40000,0x0000000028b40000)]
  0x000000001c334800 JavaThread "Execution worker for ':' Thread 5" [_thread_blocked, id=4572, stack(0x0000000028940000,0x0000000028a40000)]
  0x000000001c335800 JavaThread "Execution worker for ':' Thread 4" [_thread_blocked, id=4892, stack(0x0000000028840000,0x0000000028940000)]
  0x000000001c336000 JavaThread "Execution worker for ':' Thread 3" [_thread_blocked, id=13812, stack(0x0000000028740000,0x0000000028840000)]
  0x000000001c334000 JavaThread "Execution worker for ':' Thread 2" [_thread_blocked, id=14252, stack(0x0000000028540000,0x0000000028640000)]
  0x000000001c331800 JavaThread "Execution worker for ':'" [_thread_blocked, id=15464, stack(0x0000000028440000,0x0000000028540000)]
  0x000000001c337000 JavaThread "Cache worker for file content cache (D:\Rifqy\New folder\rifqy\.gradle\5.1.1\fileContent)" [_thread_blocked, id=14916, stack(0x0000000028340000,0x0000000028440000)]
  0x000000001c32a000 JavaThread "Cache worker for file content cache (C:\Users\youseearya\.gradle\caches\5.1.1\fileContent)" [_thread_blocked, id=7108, stack(0x0000000028240000,0x0000000028340000)]
  0x000000001c32e000 JavaThread "Cache worker for Build Output Cleanup Cache (D:\Rifqy\New folder\rifqy\.gradle\buildOutputCleanup)" [_thread_blocked, id=3776, stack(0x0000000028140000,0x0000000028240000)]
  0x000000001c32d000 JavaThread "pool-4-thread-1" [_thread_blocked, id=13632, stack(0x0000000028040000,0x0000000028140000)]
  0x000000001c32b800 JavaThread "Build operations Thread 12" [_thread_blocked, id=3192, stack(0x0000000027f40000,0x0000000028040000)]
  0x000000001c32c800 JavaThread "Build operations Thread 11" [_thread_blocked, id=6372, stack(0x0000000027e40000,0x0000000027f40000)]
  0x000000001c32e800 JavaThread "Build operations Thread 10" [_thread_blocked, id=12404, stack(0x0000000027b10000,0x0000000027c10000)]
  0x0000000023616800 JavaThread "Build operations Thread 9" [_thread_blocked, id=4404, stack(0x00000000273a0000,0x00000000274a0000)]
  0x0000000023616000 JavaThread "Build operations Thread 8" [_thread_blocked, id=2736, stack(0x0000000024ee0000,0x0000000024fe0000)]
  0x0000000023614800 JavaThread "Build operations Thread 7" [_thread_blocked, id=3144, stack(0x0000000024920000,0x0000000024a20000)]
  0x0000000023619000 JavaThread "Build operations Thread 6" [_thread_blocked, id=15020, stack(0x0000000024520000,0x0000000024620000)]
  0x0000000023619800 JavaThread "Build operations Thread 5" [_thread_blocked, id=9948, stack(0x0000000024420000,0x0000000024520000)]
  0x0000000023618000 JavaThread "Build operations Thread 4" [_thread_blocked, id=3388, stack(0x0000000024320000,0x0000000024420000)]
  0x0000000023613800 JavaThread "Build operations Thread 3" [_thread_blocked, id=8612, stack(0x0000000024220000,0x0000000024320000)]
  0x0000000023617800 JavaThread "Build operations Thread 2" [_thread_blocked, id=1716, stack(0x0000000024120000,0x0000000024220000)]
  0x0000000023615000 JavaThread "Build operations" [_thread_blocked, id=12616, stack(0x0000000024020000,0x0000000024120000)]
  0x000000002361a800 JavaThread "Cache worker for cache directory md-rule (C:\Users\youseearya\.gradle\caches\5.1.1\md-rule)" [_thread_blocked, id=11616, stack(0x0000000023f20000,0x0000000024020000)]
  0x000000002360c000 JavaThread "Cache worker for cache directory md-supplier (C:\Users\youseearya\.gradle\caches\5.1.1\md-supplier)" [_thread_blocked, id=6044, stack(0x0000000023e20000,0x0000000023f20000)]
  0x0000000023613000 JavaThread "Cache worker for file hash cache (D:\Rifqy\New folder\rifqy\.gradle\5.1.1\fileHashes)" [_thread_blocked, id=12024, stack(0x0000000023d20000,0x0000000023e20000)]
  0x0000000023610800 JavaThread "Thread-65" [_thread_blocked, id=3080, stack(0x0000000022370000,0x0000000022470000)]
  0x000000002360d000 JavaThread "Stdin handler" [_thread_blocked, id=12372, stack(0x0000000022270000,0x0000000022370000)]
  0x000000002360b800 JavaThread "Asynchronous log dispatcher for DefaultDaemonConnection: socket connection from /127.0.0.1:52858 to /127.0.0.1:52883" [_thread_blocked, id=5480, stack(0x0000000021e30000,0x0000000021f30000)]
  0x000000002360d800 JavaThread "Cancel handler" [_thread_blocked, id=2480, stack(0x000000001f520000,0x000000001f620000)]
  0x0000000023611800 JavaThread "Handler for socket connection from /127.0.0.1:52858 to /127.0.0.1:52883" [_thread_in_native, id=880, stack(0x000000001dd50000,0x000000001de50000)]
  0x000000001c331000 JavaThread "Memory manager" [_thread_blocked, id=6124, stack(0x0000000026bb0000,0x0000000026cb0000)]
  0x000000001b2d6800 JavaThread "Cache worker for execution history cache (C:\Users\youseearya\.gradle\caches\5.1.1\executionHistory)" [_thread_blocked, id=14268, stack(0x0000000022170000,0x0000000022270000)]
  0x000000001b2db000 JavaThread "Cache worker for journal cache (C:\Users\youseearya\.gradle\caches\journal-1)" [_thread_blocked, id=9556, stack(0x000000001e250000,0x000000001e350000)]
  0x000000001a98a000 JavaThread "File lock request listener" [_thread_in_native, id=1360, stack(0x000000001e150000,0x000000001e250000)]
  0x000000001a989800 JavaThread "Cache worker for file hash cache (C:\Users\youseearya\.gradle\caches\5.1.1\fileHashes)" [_thread_blocked, id=13044, stack(0x000000001e050000,0x000000001e150000)]
  0x000000001a8db000 JavaThread "Daemon worker" [_thread_blocked, id=2752, stack(0x000000001dc50000,0x000000001dd50000)]
  0x000000001b84d000 JavaThread "Daemon" [_thread_blocked, id=13168, stack(0x000000001d750000,0x000000001d850000)]
  0x000000001b8fa800 JavaThread "Daemon periodic checks" [_thread_blocked, id=14056, stack(0x000000001d650000,0x000000001d750000)]
  0x000000001b85c000 JavaThread "Incoming local TCP Connector on port 52858" [_thread_in_native, id=13796, stack(0x000000001d410000,0x000000001d510000)]
  0x0000000018b70800 JavaThread "Service Thread" daemon [_thread_blocked, id=13024, stack(0x000000001a530000,0x000000001a630000)]
  0x0000000018aea000 JavaThread "C1 CompilerThread3" daemon [_thread_blocked, id=11476, stack(0x000000001a430000,0x000000001a530000)]
  0x0000000018ae9800 JavaThread "C2 CompilerThread2" daemon [_thread_blocked, id=8000, stack(0x000000001a330000,0x000000001a430000)]
=>0x0000000018ae4000 JavaThread "C2 CompilerThread1" daemon [_thread_in_native, id=13960, stack(0x000000001a230000,0x000000001a330000)]
  0x0000000018adc000 JavaThread "C2 CompilerThread0" daemon [_thread_blocked, id=15988, stack(0x000000001a130000,0x000000001a230000)]
  0x0000000018ada000 JavaThread "Attach Listener" daemon [_thread_blocked, id=14760, stack(0x000000001a030000,0x000000001a130000)]
  0x0000000018ad9000 JavaThread "Signal Dispatcher" daemon [_thread_blocked, id=3052, stack(0x0000000019f30000,0x000000001a030000)]
  0x000000000344a800 JavaThread "Finalizer" daemon [_thread_blocked, id=8864, stack(0x0000000019d30000,0x0000000019e30000)]
  0x0000000018ad3000 JavaThread "Reference Handler" daemon [_thread_blocked, id=10632, stack(0x0000000019c30000,0x0000000019d30000)]
  0x000000000334e800 JavaThread "main" [_thread_blocked, id=6260, stack(0x00000000031c0000,0x00000000032c0000)]

Other Threads:
  0x0000000018ab2800 VMThread [stack: 0x0000000019b30000,0x0000000019c30000] [id=7048]
  0x0000000018b71800 WatcherThread [stack: 0x000000001a630000,0x000000001a730000] [id=16104]

VM state:not at safepoint (normal execution)

VM Mutex/Monitor currently owned by a thread: None

heap address: 0x00000000a0000000, size: 1536 MB, Compressed Oops mode: 32-bit
Narrow klass base: 0x0000000000000000, Narrow klass shift: 3
Compressed class space size: 1073741824 Address: 0x0000000100000000

Heap:
 PSYoungGen      total 220672K, used 122276K [0x00000000e0000000, 0x00000000f1780000, 0x0000000100000000)
  eden space 201728K, 51% used [0x00000000e0000000,0x00000000e64eead0,0x00000000ec500000)
  from space 18944K, 99% used [0x00000000ec500000,0x00000000ed77a658,0x00000000ed780000)
  to   space 24064K, 0% used [0x00000000f0000000,0x00000000f0000000,0x00000000f1780000)
 ParOldGen       total 128000K, used 48158K [0x00000000a0000000, 0x00000000a7d00000, 0x00000000e0000000)
  object space 128000K, 37% used [0x00000000a0000000,0x00000000a2f07a60,0x00000000a7d00000)
 Metaspace       used 77337K, capacity 80504K, committed 80792K, reserved 1120256K
  class space    used 10186K, capacity 10826K, committed 10904K, reserved 1048576K

Card table byte_map: [0x0000000012810000,0x0000000012b20000] byte_map_base: 0x0000000012310000

Marking Bits: (ParMarkBitMap*) 0x0000000059c69f30
 Begin Bits: [0x0000000013720000, 0x0000000014f20000)
 End Bits:   [0x0000000014f20000, 0x0000000016720000)

Polling page: 0x0000000003110000

CodeCache: size=245760Kb used=30953Kb max_used=30989Kb free=214806Kb
 bounds [0x0000000003450000, 0x00000000052b0000, 0x0000000012450000]
 total_blobs=10380 nmethods=9528 adapters=764
 compilation: enabled

Compilation events (10 events):
Event: 46.764 Thread 0x0000000018aea000 11007       3       java.util.Properties$LineReader::readLine (468 bytes)
Event: 46.765 Thread 0x0000000018aea000 nmethod 11007 0x0000000005290e90 code [0x0000000005291140, 0x0000000005292ae8]
Event: 48.307 Thread 0x0000000018ae9800 nmethod 10939 0x000000000529d250 code [0x000000000529db40, 0x00000000052a4958]
Event: 49.124 Thread 0x0000000018adc000 11008       4       java.util.concurrent.ConcurrentLinkedQueue::poll (85 bytes)
Event: 49.130 Thread 0x0000000018adc000 nmethod 11008 0x0000000005281950 code [0x0000000005281aa0, 0x0000000005281c38]
Event: 51.099 Thread 0x0000000018aea000 11009       3       org.gradle.internal.serialize.InputStreamBackedDecoder::readLong (8 bytes)
Event: 51.099 Thread 0x0000000018aea000 nmethod 11009 0x000000000529ce10 code [0x000000000529cf80, 0x000000000529d188]
Event: 51.099 Thread 0x0000000018aea000 11010       1       java.nio.channels.FileLock::isShared (5 bytes)
Event: 51.099 Thread 0x0000000018aea000 nmethod 11010 0x000000000529cb50 code [0x000000000529cca0, 0x000000000529cdb0]
Event: 52.501 Thread 0x0000000018ae4000 11011       4       java.util.concurrent.locks.AbstractQueuedSynchronizer$ConditionObject::awaitNanos (156 bytes)

GC Heap History (10 events):
Event: 6.788 GC heap before
{Heap before GC invocations=14 (full 2):
 PSYoungGen      total 151552K, used 32339K [0x00000000e0000000, 0x00000000ec080000, 0x0000000100000000)
  eden space 137216K, 13% used [0x00000000e0000000,0x00000000e11b9380,0x00000000e8600000)
  from space 14336K, 98% used [0x00000000e8600000,0x00000000e93dbb08,0x00000000e9400000)
  to   space 15872K, 0% used [0x00000000eb100000,0x00000000eb100000,0x00000000ec080000)
 ParOldGen       total 90112K, used 26025K [0x00000000a0000000, 0x00000000a5800000, 0x00000000e0000000)
  object space 90112K, 28% used [0x00000000a0000000,0x00000000a196a5d8,0x00000000a5800000)
 Metaspace       used 57588K, capacity 59026K, committed 59160K, reserved 1099776K
  class space    used 7765K, capacity 8152K, committed 8216K, reserved 1048576K
Event: 6.793 GC heap after
Heap after GC invocations=14 (full 2):
 PSYoungGen      total 181760K, used 8087K [0x00000000e0000000, 0x00000000ecd80000, 0x0000000100000000)
  eden space 165888K, 0% used [0x00000000e0000000,0x00000000e0000000,0x00000000ea200000)
  from space 15872K, 50% used [0x00000000eb100000,0x00000000eb8e5d80,0x00000000ec080000)
  to   space 15360K, 0% used [0x00000000ea200000,0x00000000ea200000,0x00000000eb100000)
 ParOldGen       total 90112K, used 26033K [0x00000000a0000000, 0x00000000a5800000, 0x00000000e0000000)
  object space 90112K, 28% used [0x00000000a0000000,0x00000000a196c5d8,0x00000000a5800000)
 Metaspace       used 57588K, capacity 59026K, committed 59160K, reserved 1099776K
  class space    used 7765K, capacity 8152K, committed 8216K, reserved 1048576K
}
Event: 6.793 GC heap before
{Heap before GC invocations=15 (full 3):
 PSYoungGen      total 181760K, used 8087K [0x00000000e0000000, 0x00000000ecd80000, 0x0000000100000000)
  eden space 165888K, 0% used [0x00000000e0000000,0x00000000e0000000,0x00000000ea200000)
  from space 15872K, 50% used [0x00000000eb100000,0x00000000eb8e5d80,0x00000000ec080000)
  to   space 15360K, 0% used [0x00000000ea200000,0x00000000ea200000,0x00000000eb100000)
 ParOldGen       total 90112K, used 26033K [0x00000000a0000000, 0x00000000a5800000, 0x00000000e0000000)
  object space 90112K, 28% used [0x00000000a0000000,0x00000000a196c5d8,0x00000000a5800000)
 Metaspace       used 57588K, capacity 59026K, committed 59160K, reserved 1099776K
  class space    used 7765K, capacity 8152K, committed 8216K, reserved 1048576K
Event: 6.990 GC heap after
Heap after GC invocations=15 (full 3):
 PSYoungGen      total 181760K, used 0K [0x00000000e0000000, 0x00000000ecd80000, 0x0000000100000000)
  eden space 165888K, 0% used [0x00000000e0000000,0x00000000e0000000,0x00000000ea200000)
  from space 15872K, 0% used [0x00000000eb100000,0x00000000eb100000,0x00000000ec080000)
  to   space 15360K, 0% used [0x00000000ea200000,0x00000000ea200000,0x00000000eb100000)
 ParOldGen       total 128000K, used 29214K [0x00000000a0000000, 0x00000000a7d00000, 0x00000000e0000000)
  object space 128000K, 22% used [0x00000000a0000000,0x00000000a1c87a90,0x00000000a7d00000)
 Metaspace       used 57588K, capacity 59026K, committed 59160K, reserved 1099776K
  class space    used 7765K, capacity 8152K, committed 8216K, reserved 1048576K
}
Event: 8.154 GC heap before
{Heap before GC invocations=16 (full 3):
 PSYoungGen      total 181760K, used 165888K [0x00000000e0000000, 0x00000000ecd80000, 0x0000000100000000)
  eden space 165888K, 100% used [0x00000000e0000000,0x00000000ea200000,0x00000000ea200000)
  from space 15872K, 0% used [0x00000000eb100000,0x00000000eb100000,0x00000000ec080000)
  to   space 15360K, 0% used [0x00000000ea200000,0x00000000ea200000,0x00000000eb100000)
 ParOldGen       total 128000K, used 29214K [0x00000000a0000000, 0x00000000a7d00000, 0x00000000e0000000)
  object space 128000K, 22% used [0x00000000a0000000,0x00000000a1c87a90,0x00000000a7d00000)
 Metaspace       used 63509K, capacity 65616K, committed 65816K, reserved 1105920K
  class space    used 8694K, capacity 9205K, committed 9240K, reserved 1048576K
Event: 8.167 GC heap after
Heap after GC invocations=16 (full 3):
 PSYoungGen      total 181248K, used 15352K [0x00000000e0000000, 0x00000000ee880000, 0x0000000100000000)
  eden space 165888K, 0% used [0x00000000e0000000,0x00000000e0000000,0x00000000ea200000)
  from space 15360K, 99% used [0x00000000ea200000,0x00000000eb0fe148,0x00000000eb100000)
  to   space 17408K, 0% used [0x00000000ed780000,0x00000000ed780000,0x00000000ee880000)
 ParOldGen       total 128000K, used 29326K [0x00000000a0000000, 0x00000000a7d00000, 0x00000000e0000000)
  object space 128000K, 22% used [0x00000000a0000000,0x00000000a1ca39e8,0x00000000a7d00000)
 Metaspace       used 63509K, capacity 65616K, committed 65816K, reserved 1105920K
  class space    used 8694K, capacity 9205K, committed 9240K, reserved 1048576K
}
Event: 9.334 GC heap before
{Heap before GC invocations=17 (full 3):
 PSYoungGen      total 181248K, used 181240K [0x00000000e0000000, 0x00000000ee880000, 0x0000000100000000)
  eden space 165888K, 100% used [0x00000000e0000000,0x00000000ea200000,0x00000000ea200000)
  from space 15360K, 99% used [0x00000000ea200000,0x00000000eb0fe148,0x00000000eb100000)
  to   space 17408K, 0% used [0x00000000ed780000,0x00000000ed780000,0x00000000ee880000)
 ParOldGen       total 128000K, used 29326K [0x00000000a0000000, 0x00000000a7d00000, 0x00000000e0000000)
  object space 128000K, 22% used [0x00000000a0000000,0x00000000a1ca39e8,0x00000000a7d00000)
 Metaspace       used 66936K, capacity 69112K, committed 69272K, reserved 1110016K
  class space    used 9105K, capacity 9600K, committed 9624K, reserved 1048576K
Event: 9.352 GC heap after
Heap after GC invocations=17 (full 3):
 PSYoungGen      total 219136K, used 16035K [0x00000000e0000000, 0x00000000eea00000, 0x0000000100000000)
  eden space 201728K, 0% used [0x00000000e0000000,0x00000000e0000000,0x00000000ec500000)
  from space 17408K, 92% used [0x00000000ed780000,0x00000000ee728f00,0x00000000ee880000)
  to   space 18944K, 0% used [0x00000000ec500000,0x00000000ec500000,0x00000000ed780000)
 ParOldGen       total 128000K, used 41094K [0x00000000a0000000, 0x00000000a7d00000, 0x00000000e0000000)
  object space 128000K, 32% used [0x00000000a0000000,0x00000000a2821b08,0x00000000a7d00000)
 Metaspace       used 66936K, capacity 69112K, committed 69272K, reserved 1110016K
  class space    used 9105K, capacity 9600K, committed 9624K, reserved 1048576K
}
Event: 44.571 GC heap before
{Heap before GC invocations=18 (full 3):
 PSYoungGen      total 219136K, used 217763K [0x00000000e0000000, 0x00000000eea00000, 0x0000000100000000)
  eden space 201728K, 100% used [0x00000000e0000000,0x00000000ec500000,0x00000000ec500000)
  from space 17408K, 92% used [0x00000000ed780000,0x00000000ee728f00,0x00000000ee880000)
  to   space 18944K, 0% used [0x00000000ec500000,0x00000000ec500000,0x00000000ed780000)
 ParOldGen       total 128000K, used 41094K [0x00000000a0000000, 0x00000000a7d00000, 0x00000000e0000000)
  object space 128000K, 32% used [0x00000000a0000000,0x00000000a2821b08,0x00000000a7d00000)
 Metaspace       used 74542K, capacity 77584K, committed 77848K, reserved 1116160K
  class space    used 9866K, capacity 10499K, committed 10520K, reserved 1048576K
Event: 44.592 GC heap after
Heap after GC invocations=18 (full 3):
 PSYoungGen      total 220672K, used 18921K [0x00000000e0000000, 0x00000000f1780000, 0x0000000100000000)
  eden space 201728K, 0% used [0x00000000e0000000,0x00000000e0000000,0x00000000ec500000)
  from space 18944K, 99% used [0x00000000ec500000,0x00000000ed77a658,0x00000000ed780000)
  to   space 24064K, 0% used [0x00000000f0000000,0x00000000f0000000,0x00000000f1780000)
 ParOldGen       total 128000K, used 48158K [0x00000000a0000000, 0x00000000a7d00000, 0x00000000e0000000)
  object space 128000K, 37% used [0x00000000a0000000,0x00000000a2f07a60,0x00000000a7d00000)
 Metaspace       used 74542K, capacity 77584K, committed 77848K, reserved 1116160K
  class space    used 9866K, capacity 10499K, committed 10520K, reserved 1048576K
}

Deoptimization events (10 events):
Event: 46.502 Thread 0x000000001b2da800 Uncommon trap: reason=bimorphic action=maybe_recompile pc=0x0000000004f4490c method=com.google.common.collect.ImmutableCollection$Builder.addAll(Ljava/lang/Iterable;)Lcom/google/common/collect/ImmutableCollection$Builder; @ 8
Event: 46.537 Thread 0x000000001b2da800 Uncommon trap: reason=class_check action=maybe_recompile pc=0x00000000051e03f8 method=java.util.EnumMap.get(Ljava/lang/Object;)Ljava/lang/Object; @ 14
Event: 46.537 Thread 0x000000001b2da800 Uncommon trap: reason=class_check action=maybe_recompile pc=0x00000000051e03f8 method=java.util.EnumMap.get(Ljava/lang/Object;)Ljava/lang/Object; @ 14
Event: 46.537 Thread 0x000000001b2da800 Uncommon trap: reason=class_check action=maybe_recompile pc=0x00000000051e03f8 method=java.util.EnumMap.get(Ljava/lang/Object;)Ljava/lang/Object; @ 14
Event: 46.537 Thread 0x000000001b2da800 Uncommon trap: reason=class_check action=maybe_recompile pc=0x00000000051e03f8 method=java.util.EnumMap.get(Ljava/lang/Object;)Ljava/lang/Object; @ 14
Event: 46.542 Thread 0x000000001b2da800 Uncommon trap: reason=class_check action=maybe_recompile pc=0x00000000051fb628 method=com.google.common.collect.ImmutableMap.copyOf(Ljava/util/Map;)Lcom/google/common/collect/ImmutableMap; @ 49
Event: 46.557 Thread 0x000000001b2da800 Uncommon trap: reason=class_check action=maybe_recompile pc=0x00000000051fb628 method=com.google.common.collect.ImmutableMap.copyOf(Ljava/util/Map;)Lcom/google/common/collect/ImmutableMap; @ 49
Event: 46.736 Thread 0x000000001b2da800 Uncommon trap: reason=class_check action=maybe_recompile pc=0x0000000004241b98 method=java.util.regex.Matcher.search(I)Z @ 86
Event: 46.758 Thread 0x000000001b2da800 Uncommon trap: reason=unstable_if action=reinterpret pc=0x0000000005155b74 method=java.lang.String.valueOf(Ljava/lang/Object;)Ljava/lang/String; @ 1
Event: 46.764 Thread 0x000000001b2da800 Uncommon trap: reason=unstable_if action=reinterpret pc=0x0000000003e5f02c method=java.util.Properties$LineReader.readLine()I @ 174

Classes redefined (0 events):
No events

Internal exceptions (10 events):
Event: 44.424 Thread 0x000000001a8db000 Exception <a 'sun/nio/fs/WindowsException'> (0x00000000eb0632d0) thrown at [D:\src\AOSP-openjdk-cygwin\jdk8u\hotspot\src\share\vm\prims\jni.cpp, line 710]
Event: 44.424 Thread 0x000000001a8db000 Exception <a 'sun/nio/fs/WindowsException'> (0x00000000eb066798) thrown at [D:\src\AOSP-openjdk-cygwin\jdk8u\hotspot\src\share\vm\prims\jni.cpp, line 710]
Event: 44.424 Thread 0x000000001a8db000 Exception <a 'sun/nio/fs/WindowsException'> (0x00000000eb067670) thrown at [D:\src\AOSP-openjdk-cygwin\jdk8u\hotspot\src\share\vm\prims\jni.cpp, line 710]
Event: 44.424 Thread 0x000000001a8db000 Exception <a 'sun/nio/fs/WindowsException'> (0x00000000eb069958) thrown at [D:\src\AOSP-openjdk-cygwin\jdk8u\hotspot\src\share\vm\prims\jni.cpp, line 710]
Event: 44.424 Thread 0x000000001a8db000 Exception <a 'sun/nio/fs/WindowsException'> (0x00000000eb06aa50) thrown at [D:\src\AOSP-openjdk-cygwin\jdk8u\hotspot\src\share\vm\prims\jni.cpp, line 710]
Event: 44.700 Thread 0x000000001c334000 Implicit null exception at 0x0000000003612bb4 to 0x00000000036149cd
Event: 44.700 Thread 0x000000001c331800 Implicit null exception at 0x0000000004a6c9e4 to 0x0000000004a6ccb6
Event: 44.997 Thread 0x000000001c332800 Exception <a 'java/lang/NoSuchMethodError': <clinit>> (0x00000000e3f2be10) thrown at [D:\src\AOSP-openjdk-cygwin\jdk8u\hotspot\src\share\vm\prims\jni.cpp, line 1614]
Event: 48.769 Thread 0x000000001b2da800 Exception <a 'java/net/ConnectException': Connection refused: connect> (0x00000000e63e63a8) thrown at [D:\src\AOSP-openjdk-cygwin\jdk8u\hotspot\src\share\vm\prims\jni.cpp, line 736]
Event: 50.786 Thread 0x000000001b2da800 Exception <a 'java/net/ConnectException': Connection refused: connect> (0x00000000e64160c8) thrown at [D:\src\AOSP-openjdk-cygwin\jdk8u\hotspot\src\share\vm\prims\jni.cpp, line 736]

Events (10 events):
Event: 46.763 loading class sun/net/NetProperties done
Event: 46.763 loading class sun/net/NetProperties$1
Event: 46.763 loading class sun/net/NetProperties$1 done
Event: 46.764 Thread 0x000000001b2da800 Uncommon trap: trap_request=0xffffff65 fr.pc=0x0000000003e5f02c
Event: 46.764 Thread 0x000000001b2da800 DEOPT PACKING pc=0x0000000003e5f02c sp=0x0000000028e36ce0
Event: 46.764 Thread 0x000000001b2da800 DEOPT UNPACKING pc=0x000000000349557b sp=0x0000000028e36c48 mode 2
Event: 46.765 loading class sun/net/spi/DefaultProxySelector$NonProxyInfo
Event: 46.765 loading class sun/net/spi/DefaultProxySelector$NonProxyInfo done
Event: 46.765 loading class sun/net/spi/DefaultProxySelector$3
Event: 46.765 loading class sun/net/spi/DefaultProxySelector$3 done


Dynamic libraries:
0x00007ff66d530000 - 0x00007ff66d561000 	C:\Program Files\Android\Android Studio\jre\bin\java.exe
0x00007ffddf060000 - 0x00007ffddf250000 	C:\WINDOWS\SYSTEM32\ntdll.dll
0x00007ffdddb60000 - 0x00007ffdddc12000 	C:\WINDOWS\System32\KERNEL32.DLL
0x00007ffddcb80000 - 0x00007ffddce23000 	C:\WINDOWS\System32\KERNELBASE.dll
0x00007ffddd450000 - 0x00007ffddd4f3000 	C:\WINDOWS\System32\ADVAPI32.dll
0x00007ffddda50000 - 0x00007ffdddaee000 	C:\WINDOWS\System32\msvcrt.dll
0x00007ffddee40000 - 0x00007ffddeed7000 	C:\WINDOWS\System32\sechost.dll
0x00007ffdde580000 - 0x00007ffdde6a0000 	C:\WINDOWS\System32\RPCRT4.dll
0x00007ffdde3b0000 - 0x00007ffdde544000 	C:\WINDOWS\System32\USER32.dll
0x00007ffddcb50000 - 0x00007ffddcb71000 	C:\WINDOWS\System32\win32u.dll
0x00007ffdde550000 - 0x00007ffdde576000 	C:\WINDOWS\System32\GDI32.dll
0x00007ffddc8d0000 - 0x00007ffddca64000 	C:\WINDOWS\System32\gdi32full.dll
0x00007ffddcf20000 - 0x00007ffddcfbe000 	C:\WINDOWS\System32\msvcp_win.dll
0x00007ffddc770000 - 0x00007ffddc86a000 	C:\WINDOWS\System32\ucrtbase.dll
0x00007ffdce7f0000 - 0x00007ffdcea75000 	C:\WINDOWS\WinSxS\amd64_microsoft.windows.common-controls_6595b64144ccf1df_6.0.18362.418_none_e6c6b287130d565d\COMCTL32.dll
0x00007ffddd110000 - 0x00007ffddd446000 	C:\WINDOWS\System32\combase.dll
0x00007ffddce50000 - 0x00007ffddced0000 	C:\WINDOWS\System32\bcryptPrimitives.dll
0x00007ffddd8f0000 - 0x00007ffddd91e000 	C:\WINDOWS\System32\IMM32.DLL
0x00000000593c0000 - 0x0000000059492000 	C:\Program Files\Android\Android Studio\jre\jre\bin\msvcr100.dll
0x00000000594a0000 - 0x0000000059ce6000 	C:\Program Files\Android\Android Studio\jre\jre\bin\server\jvm.dll
0x00007ffdde740000 - 0x00007ffdde748000 	C:\WINDOWS\System32\PSAPI.DLL
0x00007ffdc5360000 - 0x00007ffdc5369000 	C:\WINDOWS\SYSTEM32\WSOCK32.dll
0x00007ffdd5d30000 - 0x00007ffdd5d3a000 	C:\WINDOWS\SYSTEM32\VERSION.dll
0x00007ffdd9df0000 - 0x00007ffdd9e14000 	C:\WINDOWS\SYSTEM32\WINMM.dll
0x00007ffddd880000 - 0x00007ffddd8ef000 	C:\WINDOWS\System32\WS2_32.dll
0x00007ffdd9dc0000 - 0x00007ffdd9ded000 	C:\WINDOWS\SYSTEM32\winmmbase.dll
0x00007ffddced0000 - 0x00007ffddcf1a000 	C:\WINDOWS\System32\cfgmgr32.dll
0x00007ffdd7220000 - 0x00007ffdd722f000 	C:\Program Files\Android\Android Studio\jre\jre\bin\verify.dll
0x00007ffdd5680000 - 0x00007ffdd56a9000 	C:\Program Files\Android\Android Studio\jre\jre\bin\java.dll
0x00007ffdd5ca0000 - 0x00007ffdd5cb6000 	C:\Program Files\Android\Android Studio\jre\jre\bin\zip.dll
0x00007ffdde750000 - 0x00007ffddee35000 	C:\WINDOWS\System32\SHELL32.dll
0x00007ffdddd80000 - 0x00007ffddde29000 	C:\WINDOWS\System32\shcore.dll
0x00007ffddbff0000 - 0x00007ffddc76f000 	C:\WINDOWS\System32\windows.storage.dll
0x00007ffddbf60000 - 0x00007ffddbf7f000 	C:\WINDOWS\System32\profapi.dll
0x00007ffddbf80000 - 0x00007ffddbfca000 	C:\WINDOWS\System32\powrprof.dll
0x00007ffddbf30000 - 0x00007ffddbf40000 	C:\WINDOWS\System32\UMPDC.dll
0x00007ffddde30000 - 0x00007ffddde82000 	C:\WINDOWS\System32\shlwapi.dll
0x00007ffddbf40000 - 0x00007ffddbf51000 	C:\WINDOWS\System32\kernel.appcore.dll
0x00007ffddce30000 - 0x00007ffddce47000 	C:\WINDOWS\System32\cryptsp.dll
0x00007ffdd5660000 - 0x00007ffdd567a000 	C:\Program Files\Android\Android Studio\jre\jre\bin\net.dll
0x00007ffddb7a0000 - 0x00007ffddb807000 	C:\WINDOWS\system32\mswsock.dll
0x00007ffdd5640000 - 0x00007ffdd5651000 	C:\Program Files\Android\Android Studio\jre\jre\bin\nio.dll
0x00007ffdd2d20000 - 0x00007ffdd2d3e000 	C:\Users\youseearya\.gradle\native\25\windows-amd64\native-platform.dll
0x00007ffdd71f0000 - 0x00007ffdd71fd000 	C:\Program Files\Android\Android Studio\jre\jre\bin\management.dll
0x00007ffddb310000 - 0x00007ffddb343000 	C:\WINDOWS\system32\rsaenh.dll
0x00007ffddca70000 - 0x00007ffddca96000 	C:\WINDOWS\System32\bcrypt.dll
0x00007ffddbe50000 - 0x00007ffddbe75000 	C:\WINDOWS\SYSTEM32\USERENV.dll
0x00007ffddb970000 - 0x00007ffddb97c000 	C:\WINDOWS\SYSTEM32\CRYPTBASE.dll
0x00007ffddb4b0000 - 0x00007ffddb4ea000 	C:\WINDOWS\SYSTEM32\IPHLPAPI.DLL
0x00007ffdddaf0000 - 0x00007ffdddaf8000 	C:\WINDOWS\System32\NSI.dll
0x00007ffdd0c00000 - 0x00007ffdd0c16000 	C:\WINDOWS\SYSTEM32\dhcpcsvc6.DLL
0x00007ffdd2fc0000 - 0x00007ffdd2fdc000 	C:\WINDOWS\SYSTEM32\dhcpcsvc.DLL
0x00007ffddb4f0000 - 0x00007ffddb5ba000 	C:\WINDOWS\SYSTEM32\DNSAPI.dll

VM Arguments:
jvm_args: -Xmx1536m -Dfile.encoding=windows-1252 -Duser.country=US -Duser.language=en -Duser.variant 
java_command: org.gradle.launcher.daemon.bootstrap.GradleDaemon 5.1.1
java_class_path (initial): C:\Users\youseearya\.gradle\wrapper\dists\gradle-5.1.1-all\97z1ksx6lirer3kbvdnh7jtjg\gradle-5.1.1\lib\gradle-launcher-5.1.1.jar
Launcher Type: SUN_STANDARD

Environment Variables:
PATH=C:\Program Files (x86)\Intel\Intel(R) Management Engine Components\iCLS\;C:\Program Files\Intel\Intel(R) Management Engine Components\iCLS\;C:\Program Files (x86)\Common Files\Oracle\Java\javapath;C:\Windows\system32;C:\Windows;C:\Windows\System32\Wbem;C:\Windows\System32\WindowsPowerShell\v1.0\;C:\Windows\System32\OpenSSH\;C:\Program Files\Intel\WiFi\bin\;C:\Program Files\Common Files\Intel\WirelessCommon\;C:\Program Files (x86)\NVIDIA Corporation\PhysX\Common;C:\Program Files (x86)\Intel\Intel(R) Management Engine Components\DAL;C:\Program Files\Intel\Intel(R) Management Engine Components\DAL;C:\Program Files (x86)\Intel\Intel(R) Management Engine Components\IPT;C:\Program Files\Intel\Intel(R) Management Engine Components\IPT;C:\WINDOWS\system32;C:\WINDOWS;C:\WINDOWS\System32\Wbem;C:\WINDOWS\System32\WindowsPowerShell\v1.0\;C:\WINDOWS\System32\OpenSSH\;C:\xampp\php;C:\ProgramData\ComposerSetup\bin;C:\Users\youseearya\AppData\Local\Microsoft\WindowsApps;C:\Users\youseearya\AppData\Local\GitHubDesktop\bin
USERNAME=a r  sura pratama
OS=Windows_NT
PROCESSOR_IDENTIFIER=Intel64 Family 6 Model 158 Stepping 10, GenuineIntel



---------------  S Y S T E M  ---------------

OS: Windows 10.0 , 64 bit Build 18362 (10.0.18362.329)

CPU:total 12 (initial active 12) (6 cores per cpu, 2 threads per core) family 6 model 158 stepping 10, cmov, cx8, fxsr, mmx, sse, sse2, sse3, ssse3, sse4.1, sse4.2, popcnt, avx, avx2, aes, clmul, erms, 3dnowpref, lzcnt, ht, tsc, tscinvbit, bmi1, bmi2, adx

Memory: 4k page, physical 8230656k(1102336k free), swap 33396480k(592k free)

vm_info: OpenJDK 64-Bit Server VM (25.202-b03) for windows-amd64 JRE (1.8.0_202-release-1483-b03), built by "builder" with MS VC++ 10.0 (VS2010)

time: Thu Oct 24 12:01:03 2019
timezone: SE Asia Standard Time
elapsed time: 52 seconds (0d 0h 0m 52s)

