#
# There is insufficient memory for the Java Runtime Environment to continue.
# Native memory allocation (malloc) failed to allocate 1778240 bytes for Chunk::new
# Possible reasons:
#   The system is out of physical RAM or swap space
#   The process is running with CompressedOops enabled, and the Java Heap may be blocking the growth of the native heap
# Possible solutions:
#   Reduce memory load on the system
#   Increase physical memory or swap space
#   Check if swap backing store is full
#   Decrease Java heap size (-Xmx/-Xms)
#   Decrease number of Java threads
#   Decrease Java thread stack sizes (-Xss)
#   Set larger code cache with -XX:ReservedCodeCacheSize=
#   JVM is running with Unscaled Compressed Oops mode in which the Java heap is
#     placed in the first 4GB address space. The Java Heap base address is the
#     maximum limit for the native heap growth. Please use -XX:HeapBaseMinAddress
#     to set the Java Heap base and to place the Java Heap above 4GB virtual address.
# This output file may be truncated or incomplete.
#
#  Out of Memory Error (allocation.cpp:389), pid=8484, tid=0x00000000000025f4
#
# JRE version: OpenJDK Runtime Environment (8.0_202-b03) (build 1.8.0_202-release-1483-b03)
# Java VM: OpenJDK 64-Bit Server VM (25.202-b03 mixed mode windows-amd64 compressed oops)
# Failed to write core dump. Minidumps are not enabled by default on client versions of Windows
#

---------------  T H R E A D  ---------------

Current thread (0x0000000017e2f000):  JavaThread "C2 CompilerThread0" daemon [_thread_in_native, id=9716, stack(0x00000000194a0000,0x00000000195a0000)]

Stack: [0x00000000194a0000,0x00000000195a0000]
[error occurred during error reporting (printing stack bounds), id 0xc0000005]

Native frames: (J=compiled Java code, j=interpreted, Vv=VM code, C=native code)


Current CompileTask:
C2:   3169 1911   !   4       java.net.URLClassLoader$1::run (63 bytes)


---------------  P R O C E S S  ---------------

Java Threads: ( => current thread )
  0x0000000017e4b000 JavaThread "Cache worker for file hash cache (D:\Rifqy\New folder\rifqy\.gradle\5.1.1\fileHashes)" [_thread_blocked, id=15160, stack(0x000000001e890000,0x000000001e990000)]
  0x0000000017e4a000 JavaThread "Cache worker for journal cache (C:\Users\youseearya\.gradle\caches\journal-1)" [_thread_blocked, id=6560, stack(0x000000001d5c0000,0x000000001d6c0000)]
  0x000000001aa07000 JavaThread "File lock request listener" [_thread_in_native, id=9432, stack(0x000000001d4c0000,0x000000001d5c0000)]
  0x000000001aa06000 JavaThread "Cache worker for file hash cache (C:\Users\youseearya\.gradle\caches\5.1.1\fileHashes)" [_thread_blocked, id=4240, stack(0x000000001d3c0000,0x000000001d4c0000)]
  0x000000001b09c800 JavaThread "Thread-8" [_thread_blocked, id=6696, stack(0x000000001d2c0000,0x000000001d3c0000)]
  0x000000001ab38000 JavaThread "Stdin handler" [_thread_blocked, id=12552, stack(0x000000001d1c0000,0x000000001d2c0000)]
  0x000000001ab37800 JavaThread "Asynchronous log dispatcher for DefaultDaemonConnection: socket connection from /127.0.0.1:52392 to /127.0.0.1:52393" [_thread_blocked, id=10020, stack(0x000000001d0c0000,0x000000001d1c0000)]
  0x000000001ab39000 JavaThread "Daemon worker" [_thread_in_Java, id=11880, stack(0x000000001cfc0000,0x000000001d0c0000)]
  0x000000001a93f800 JavaThread "Cancel handler" [_thread_blocked, id=16196, stack(0x000000001cec0000,0x000000001cfc0000)]
  0x0000000019b31000 JavaThread "Handler for socket connection from /127.0.0.1:52392 to /127.0.0.1:52393" [_thread_in_native, id=5920, stack(0x000000001cbc0000,0x000000001ccc0000)]
  0x000000001a82a000 JavaThread "Daemon" [_thread_blocked, id=14692, stack(0x000000001cac0000,0x000000001cbc0000)]
  0x0000000019dca800 JavaThread "Daemon periodic checks" [_thread_blocked, id=9076, stack(0x000000001c9c0000,0x000000001cac0000)]
  0x0000000019dc7800 JavaThread "Incoming local TCP Connector on port 52392" [_thread_in_native, id=9020, stack(0x000000001c780000,0x000000001c880000)]
  0x0000000017ecf000 JavaThread "Service Thread" daemon [_thread_blocked, id=14052, stack(0x00000000198a0000,0x00000000199a0000)]
  0x0000000017e48800 JavaThread "C1 CompilerThread3" daemon [_thread_blocked, id=8028, stack(0x00000000197a0000,0x00000000198a0000)]
  0x0000000017e49800 JavaThread "C2 CompilerThread2" daemon [_thread_blocked, id=11168, stack(0x00000000196a0000,0x00000000197a0000)]
  0x0000000017e36000 JavaThread "C2 CompilerThread1" daemon [_thread_in_native, id=15384, stack(0x00000000195a0000,0x00000000196a0000)]
=>0x0000000017e2f000 JavaThread "C2 CompilerThread0" daemon [_thread_in_native, id=9716, stack(0x00000000194a0000,0x00000000195a0000)]
  0x0000000017e2c800 JavaThread "Attach Listener" daemon [_thread_blocked, id=7312, stack(0x00000000193a0000,0x00000000194a0000)]
  0x0000000017e2b800 JavaThread "Signal Dispatcher" daemon [_thread_blocked, id=4932, stack(0x00000000192a0000,0x00000000193a0000)]
  0x0000000016742800 JavaThread "Finalizer" daemon [_thread_blocked, id=15804, stack(0x00000000190a0000,0x00000000191a0000)]
  0x0000000017e23000 JavaThread "Reference Handler" daemon [_thread_blocked, id=15896, stack(0x0000000018fa0000,0x00000000190a0000)]
  0x0000000000c0e800 JavaThread "main" [_thread_blocked, id=14224, stack(0x00000000024f0000,0x00000000025f0000)]

Other Threads:
  0x0000000016736000 VMThread [stack: 0x0000000018ea0000,0x0000000018fa0000] [id=13280]
  0x0000000017ed0000 WatcherThread [stack: 0x00000000199a0000,0x0000000019aa0000] [id=14164]

VM state:not at safepoint (normal execution)

VM Mutex/Monitor currently owned by a thread: None

heap address: 0x00000000a0000000, size: 1536 MB, Compressed Oops mode: 32-bit
Narrow klass base: 0x0000000000000000, Narrow klass shift: 3
Compressed class space size: 1073741824 Address: 0x0000000100000000

Heap:
 PSYoungGen      total 75776K, used 8891K [0x00000000e0000000, 0x00000000e7900000, 0x0000000100000000)
  eden space 65536K, 1% used [0x00000000e0000000,0x00000000e0113638,0x00000000e4000000)
  from space 10240K, 76% used [0x00000000e4000000,0x00000000e479b6e0,0x00000000e4a00000)
  to   space 10240K, 0% used [0x00000000e6f00000,0x00000000e6f00000,0x00000000e7900000)
 ParOldGen       total 59904K, used 8224K [0x00000000a0000000, 0x00000000a3a80000, 0x00000000e0000000)
  object space 59904K, 13% used [0x00000000a0000000,0x00000000a0808080,0x00000000a3a80000)
 Metaspace       used 28834K, capacity 29356K, committed 29696K, reserved 1075200K
  class space    used 3873K, capacity 4036K, committed 4096K, reserved 1048576K

Card table byte_map: [0x0000000011b40000,0x0000000011e50000] byte_map_base: 0x0000000011640000

Marking Bits: (ParMarkBitMap*) 0x0000000059c69f30
 Begin Bits: [0x0000000012a50000, 0x0000000014250000)
 End Bits:   [0x0000000014250000, 0x0000000015a50000)

Polling page: 0x00000000003e0000

CodeCache: size=245760Kb used=8517Kb max_used=8533Kb free=237242Kb
 bounds [0x0000000002780000, 0x0000000002fe0000, 0x0000000011780000]
 total_blobs=2870 nmethods=2201 adapters=582
 compilation: enabled

Compilation events (10 events):
Event: 3.137 Thread 0x0000000017e48800 nmethod 2203 0x0000000002fd1150 code [0x0000000002fd12c0, 0x0000000002fd1468]
Event: 3.137 Thread 0x0000000017e48800 2201       3       org.codehaus.groovy.reflection.CachedClass::getMethods (11 bytes)
Event: 3.137 Thread 0x0000000017e48800 nmethod 2201 0x0000000002fd1510 code [0x0000000002fd1680, 0x0000000002fd1988]
Event: 3.159 Thread 0x0000000017e49800 nmethod 2173 0x0000000002fd6990 code [0x0000000002fd6c20, 0x0000000002fd8ee0]
Event: 3.159 Thread 0x0000000017e49800 2165  s    4       sun.misc.URLClassPath::getNextLoader (88 bytes)
Event: 3.160 Thread 0x0000000017e49800 nmethod 2165 0x0000000002fd3490 code [0x0000000002fd35e0, 0x0000000002fd3908]
Event: 3.160 Thread 0x0000000017e49800 2164       4       java.net.URI::match (56 bytes)
Event: 3.161 Thread 0x0000000017e49800 nmethod 2164 0x0000000002fd1cd0 code [0x0000000002fd1e00, 0x0000000002fd1ed8]
Event: 3.161 Thread 0x0000000017e49800 2175       4       java.lang.reflect.Method::getParameterTypes (11 bytes)
Event: 3.162 Thread 0x0000000017e49800 nmethod 2175 0x0000000002fd4e10 code [0x0000000002fd4f60, 0x0000000002fd5098]

GC Heap History (10 events):
Event: 1.934 GC heap before
{Heap before GC invocations=4 (full 0):
 PSYoungGen      total 37888K, used 37886K [0x00000000e0000000, 0x00000000e2a00000, 0x0000000100000000)
  eden space 32768K, 100% used [0x00000000e0000000,0x00000000e2000000,0x00000000e2000000)
  from space 5120K, 99% used [0x00000000e2000000,0x00000000e24ffa78,0x00000000e2500000)
  to   space 5120K, 0% used [0x00000000e2500000,0x00000000e2500000,0x00000000e2a00000)
 ParOldGen       total 86016K, used 1809K [0x00000000a0000000, 0x00000000a5400000, 0x00000000e0000000)
  object space 86016K, 2% used [0x00000000a0000000,0x00000000a01c4628,0x00000000a5400000)
 Metaspace       used 15772K, capacity 16192K, committed 16256K, reserved 1062912K
  class space    used 2250K, capacity 2424K, committed 2432K, reserved 1048576K
Event: 1.940 GC heap after
Heap after GC invocations=4 (full 0):
 PSYoungGen      total 37888K, used 5088K [0x00000000e0000000, 0x00000000e4a00000, 0x0000000100000000)
  eden space 32768K, 0% used [0x00000000e0000000,0x00000000e0000000,0x00000000e2000000)
  from space 5120K, 99% used [0x00000000e2500000,0x00000000e29f8020,0x00000000e2a00000)
  to   space 5120K, 0% used [0x00000000e2000000,0x00000000e2000000,0x00000000e2500000)
 ParOldGen       total 86016K, used 4902K [0x00000000a0000000, 0x00000000a5400000, 0x00000000e0000000)
  object space 86016K, 5% used [0x00000000a0000000,0x00000000a04c9908,0x00000000a5400000)
 Metaspace       used 15772K, capacity 16192K, committed 16256K, reserved 1062912K
  class space    used 2250K, capacity 2424K, committed 2432K, reserved 1048576K
}
Event: 2.288 GC heap before
{Heap before GC invocations=5 (full 0):
 PSYoungGen      total 37888K, used 37856K [0x00000000e0000000, 0x00000000e4a00000, 0x0000000100000000)
  eden space 32768K, 100% used [0x00000000e0000000,0x00000000e2000000,0x00000000e2000000)
  from space 5120K, 99% used [0x00000000e2500000,0x00000000e29f8020,0x00000000e2a00000)
  to   space 5120K, 0% used [0x00000000e2000000,0x00000000e2000000,0x00000000e2500000)
 ParOldGen       total 86016K, used 4902K [0x00000000a0000000, 0x00000000a5400000, 0x00000000e0000000)
  object space 86016K, 5% used [0x00000000a0000000,0x00000000a04c9908,0x00000000a5400000)
 Metaspace       used 18948K, capacity 19406K, committed 19584K, reserved 1067008K
  class space    used 2736K, capacity 2927K, committed 2944K, reserved 1048576K
Event: 2.297 GC heap after
Heap after GC invocations=5 (full 0):
 PSYoungGen      total 37888K, used 5088K [0x00000000e0000000, 0x00000000e5400000, 0x0000000100000000)
  eden space 32768K, 0% used [0x00000000e0000000,0x00000000e0000000,0x00000000e2000000)
  from space 5120K, 99% used [0x00000000e2000000,0x00000000e24f8030,0x00000000e2500000)
  to   space 10240K, 0% used [0x00000000e4a00000,0x00000000e4a00000,0x00000000e5400000)
 ParOldGen       total 86016K, used 8480K [0x00000000a0000000, 0x00000000a5400000, 0x00000000e0000000)
  object space 86016K, 9% used [0x00000000a0000000,0x00000000a0848068,0x00000000a5400000)
 Metaspace       used 18948K, capacity 19406K, committed 19584K, reserved 1067008K
  class space    used 2736K, capacity 2927K, committed 2944K, reserved 1048576K
}
Event: 2.430 GC heap before
{Heap before GC invocations=6 (full 0):
 PSYoungGen      total 37888K, used 16830K [0x00000000e0000000, 0x00000000e5400000, 0x0000000100000000)
  eden space 32768K, 35% used [0x00000000e0000000,0x00000000e0b77990,0x00000000e2000000)
  from space 5120K, 99% used [0x00000000e2000000,0x00000000e24f8030,0x00000000e2500000)
  to   space 10240K, 0% used [0x00000000e4a00000,0x00000000e4a00000,0x00000000e5400000)
 ParOldGen       total 86016K, used 8480K [0x00000000a0000000, 0x00000000a5400000, 0x00000000e0000000)
  object space 86016K, 9% used [0x00000000a0000000,0x00000000a0848068,0x00000000a5400000)
 Metaspace       used 20651K, capacity 21102K, committed 21296K, reserved 1067008K
  class space    used 2904K, capacity 3087K, committed 3200K, reserved 1048576K
Event: 2.437 GC heap after
Heap after GC invocations=6 (full 0):
 PSYoungGen      total 75776K, used 7141K [0x00000000e0000000, 0x00000000e5400000, 0x0000000100000000)
  eden space 65536K, 0% used [0x00000000e0000000,0x00000000e0000000,0x00000000e4000000)
  from space 10240K, 69% used [0x00000000e4a00000,0x00000000e50f96d0,0x00000000e5400000)
  to   space 10240K, 0% used [0x00000000e4000000,0x00000000e4000000,0x00000000e4a00000)
 ParOldGen       total 86016K, used 8488K [0x00000000a0000000, 0x00000000a5400000, 0x00000000e0000000)
  object space 86016K, 9% used [0x00000000a0000000,0x00000000a084a068,0x00000000a5400000)
 Metaspace       used 20651K, capacity 21102K, committed 21296K, reserved 1067008K
  class space    used 2904K, capacity 3087K, committed 3200K, reserved 1048576K
}
Event: 2.437 GC heap before
{Heap before GC invocations=7 (full 1):
 PSYoungGen      total 75776K, used 7141K [0x00000000e0000000, 0x00000000e5400000, 0x0000000100000000)
  eden space 65536K, 0% used [0x00000000e0000000,0x00000000e0000000,0x00000000e4000000)
  from space 10240K, 69% used [0x00000000e4a00000,0x00000000e50f96d0,0x00000000e5400000)
  to   space 10240K, 0% used [0x00000000e4000000,0x00000000e4000000,0x00000000e4a00000)
 ParOldGen       total 86016K, used 8488K [0x00000000a0000000, 0x00000000a5400000, 0x00000000e0000000)
  object space 86016K, 9% used [0x00000000a0000000,0x00000000a084a068,0x00000000a5400000)
 Metaspace       used 20651K, capacity 21102K, committed 21296K, reserved 1067008K
  class space    used 2904K, capacity 3087K, committed 3200K, reserved 1048576K
Event: 2.473 GC heap after
Heap after GC invocations=7 (full 1):
 PSYoungGen      total 75776K, used 0K [0x00000000e0000000, 0x00000000e5400000, 0x0000000100000000)
  eden space 65536K, 0% used [0x00000000e0000000,0x00000000e0000000,0x00000000e4000000)
  from space 10240K, 0% used [0x00000000e4a00000,0x00000000e4a00000,0x00000000e5400000)
  to   space 10240K, 0% used [0x00000000e4000000,0x00000000e4000000,0x00000000e4a00000)
 ParOldGen       total 59904K, used 8216K [0x00000000a0000000, 0x00000000a3a80000, 0x00000000e0000000)
  object space 59904K, 13% used [0x00000000a0000000,0x00000000a0806080,0x00000000a3a80000)
 Metaspace       used 20651K, capacity 21102K, committed 21296K, reserved 1067008K
  class space    used 2904K, capacity 3087K, committed 3200K, reserved 1048576K
}
Event: 3.143 GC heap before
{Heap before GC invocations=8 (full 1):
 PSYoungGen      total 75776K, used 65536K [0x00000000e0000000, 0x00000000e5400000, 0x0000000100000000)
  eden space 65536K, 100% used [0x00000000e0000000,0x00000000e4000000,0x00000000e4000000)
  from space 10240K, 0% used [0x00000000e4a00000,0x00000000e4a00000,0x00000000e5400000)
  to   space 10240K, 0% used [0x00000000e4000000,0x00000000e4000000,0x00000000e4a00000)
 ParOldGen       total 59904K, used 8216K [0x00000000a0000000, 0x00000000a3a80000, 0x00000000e0000000)
  object space 59904K, 13% used [0x00000000a0000000,0x00000000a0806080,0x00000000a3a80000)
 Metaspace       used 28649K, capacity 29158K, committed 29440K, reserved 1075200K
  class space    used 3858K, capacity 4034K, committed 4096K, reserved 1048576K
Event: 3.153 GC heap after
Heap after GC invocations=8 (full 1):
 PSYoungGen      total 75776K, used 7789K [0x00000000e0000000, 0x00000000e7900000, 0x0000000100000000)
  eden space 65536K, 0% used [0x00000000e0000000,0x00000000e0000000,0x00000000e4000000)
  from space 10240K, 76% used [0x00000000e4000000,0x00000000e479b6e0,0x00000000e4a00000)
  to   space 10240K, 0% used [0x00000000e6f00000,0x00000000e6f00000,0x00000000e7900000)
 ParOldGen       total 59904K, used 8224K [0x00000000a0000000, 0x00000000a3a80000, 0x00000000e0000000)
  object space 59904K, 13% used [0x00000000a0000000,0x00000000a0808080,0x00000000a3a80000)
 Metaspace       used 28649K, capacity 29158K, committed 29440K, reserved 1075200K
  class space    used 3858K, capacity 4034K, committed 4096K, reserved 1048576K
}

Deoptimization events (10 events):
Event: 2.625 Thread 0x000000001ab39000 Uncommon trap: reason=unstable_if action=reinterpret pc=0x0000000002d9e4c0 method=java.lang.ClassLoader.getClassLoadingLock(Ljava/lang/String;)Ljava/lang/Object; @ 6
Event: 2.645 Thread 0x000000001ab39000 Uncommon trap: reason=class_check action=maybe_recompile pc=0x0000000002d5c0ec method=sun.misc.URLClassPath.getLoader(I)Lsun/misc/URLClassPath$Loader; @ 239
Event: 2.654 Thread 0x000000001ab39000 Uncommon trap: reason=class_check action=maybe_recompile pc=0x0000000002d5c0ec method=sun.misc.URLClassPath.getLoader(I)Lsun/misc/URLClassPath$Loader; @ 239
Event: 2.822 Thread 0x000000001ab39000 Uncommon trap: reason=unstable_if action=reinterpret pc=0x0000000002c07768 method=java.util.HashMap.hash(Ljava/lang/Object;)I @ 1
Event: 2.886 Thread 0x000000001ab39000 Uncommon trap: reason=unstable_if action=reinterpret pc=0x00000000029da140 method=java.util.HashMap.getNode(ILjava/lang/Object;)Ljava/util/HashMap$Node; @ 53
Event: 2.886 Thread 0x000000001ab39000 Uncommon trap: reason=unstable_if action=reinterpret pc=0x0000000002be6e8c method=java.util.HashMap.hash(Ljava/lang/Object;)I @ 1
Event: 2.886 Thread 0x000000001ab39000 Uncommon trap: reason=unstable_if action=reinterpret pc=0x0000000002bd47dc method=java.util.HashMap.putVal(ILjava/lang/Object;Ljava/lang/Object;ZZ)Ljava/lang/Object; @ 85
Event: 3.108 Thread 0x000000001ab39000 Uncommon trap: reason=class_check action=maybe_recompile pc=0x0000000002d5bff8 method=sun.misc.URLClassPath.getLoader(I)Lsun/misc/URLClassPath$Loader; @ 94
Event: 3.112 Thread 0x000000001ab39000 Uncommon trap: reason=class_check action=maybe_recompile pc=0x0000000002d5f2b0 method=sun.misc.URLClassPath.getLoader(I)Lsun/misc/URLClassPath$Loader; @ 239
Event: 3.154 Thread 0x0000000017e23000 Uncommon trap: reason=unstable_if action=reinterpret pc=0x0000000002d1c27c method=java.lang.ref.Reference.tryHandlePending(Z)Z @ 104

Classes redefined (0 events):
No events

Internal exceptions (10 events):
Event: 3.125 Thread 0x000000001ab39000 Exception <a 'java/security/PrivilegedActionException'> (0x00000000e3e41ea0) thrown at [D:\src\AOSP-openjdk-cygwin\jdk8u\hotspot\src\share\vm\prims\jvm.cpp, line 1508]
Event: 3.125 Thread 0x000000001ab39000 Exception <a 'java/security/PrivilegedActionException'> (0x00000000e3e42a38) thrown at [D:\src\AOSP-openjdk-cygwin\jdk8u\hotspot\src\share\vm\prims\jvm.cpp, line 1508]
Event: 3.125 Thread 0x000000001ab39000 Exception <a 'java/lang/ClassNotFoundException': groovy/lang/ClosureCustomizer> (0x00000000e3e4b358) thrown at [D:\src\AOSP-openjdk-cygwin\jdk8u\hotspot\src\share\vm\classfile\systemDictionary.cpp, line 210]
Event: 3.128 Thread 0x000000001ab39000 Exception <a 'java/security/PrivilegedActionException'> (0x00000000e3e789e0) thrown at [D:\src\AOSP-openjdk-cygwin\jdk8u\hotspot\src\share\vm\prims\jvm.cpp, line 1508]
Event: 3.128 Thread 0x000000001ab39000 Exception <a 'java/security/PrivilegedActionException'> (0x00000000e3e79390) thrown at [D:\src\AOSP-openjdk-cygwin\jdk8u\hotspot\src\share\vm\prims\jvm.cpp, line 1508]
Event: 3.129 Thread 0x000000001ab39000 Exception <a 'java/security/PrivilegedActionException'> (0x00000000e3e847c8) thrown at [D:\src\AOSP-openjdk-cygwin\jdk8u\hotspot\src\share\vm\prims\jvm.cpp, line 1508]
Event: 3.129 Thread 0x000000001ab39000 Exception <a 'java/security/PrivilegedActionException'> (0x00000000e3e85360) thrown at [D:\src\AOSP-openjdk-cygwin\jdk8u\hotspot\src\share\vm\prims\jvm.cpp, line 1508]
Event: 3.129 Thread 0x000000001ab39000 Exception <a 'java/security/PrivilegedActionException'> (0x00000000e3e90030) thrown at [D:\src\AOSP-openjdk-cygwin\jdk8u\hotspot\src\share\vm\prims\jvm.cpp, line 1508]
Event: 3.129 Thread 0x000000001ab39000 Exception <a 'java/security/PrivilegedActionException'> (0x00000000e3e90bc8) thrown at [D:\src\AOSP-openjdk-cygwin\jdk8u\hotspot\src\share\vm\prims\jvm.cpp, line 1508]
Event: 3.130 Thread 0x000000001ab39000 Exception <a 'java/lang/ClassNotFoundException': groovy/lang/Closure$1Customizer> (0x00000000e3e99548) thrown at [D:\src\AOSP-openjdk-cygwin\jdk8u\hotspot\src\share\vm\classfile\systemDictionary.cpp, line 210]

Events (10 events):
Event: 3.163 loading class groovyjarjarasm/asm/Symbol
Event: 3.163 loading class groovyjarjarasm/asm/Symbol done
Event: 3.164 loading class groovyjarjarasm/asm/SymbolTable$Entry
Event: 3.164 loading class groovyjarjarasm/asm/SymbolTable$Entry done
Event: 3.164 loading class groovyjarjarasm/asm/ByteVector
Event: 3.164 loading class groovyjarjarasm/asm/ByteVector done
Event: 3.166 loading class groovyjarjarasm/asm/MethodTooLargeException
Event: 3.166 loading class groovyjarjarasm/asm/MethodTooLargeException done
Event: 3.167 loading class groovyjarjarasm/asm/Frame
Event: 3.167 loading class groovyjarjarasm/asm/Frame done


Dynamic libraries:
0x00007ff66d530000 - 0x00007ff66d561000 	C:\Program Files\Android\Android Studio\jre\bin\java.exe
0x00007ffddf060000 - 0x00007ffddf250000 	C:\WINDOWS\SYSTEM32\ntdll.dll
0x00007ffdddb60000 - 0x00007ffdddc12000 	C:\WINDOWS\System32\KERNEL32.DLL
0x00007ffddcb80000 - 0x00007ffddce23000 	C:\WINDOWS\System32\KERNELBASE.dll
0x00007ffddd450000 - 0x00007ffddd4f3000 	C:\WINDOWS\System32\ADVAPI32.dll
0x00007ffddda50000 - 0x00007ffdddaee000 	C:\WINDOWS\System32\msvcrt.dll
0x00007ffddee40000 - 0x00007ffddeed7000 	C:\WINDOWS\System32\sechost.dll
0x00007ffdde580000 - 0x00007ffdde6a0000 	C:\WINDOWS\System32\RPCRT4.dll
0x00007ffdde3b0000 - 0x00007ffdde544000 	C:\WINDOWS\System32\USER32.dll
0x00007ffddcb50000 - 0x00007ffddcb71000 	C:\WINDOWS\System32\win32u.dll
0x00007ffdde550000 - 0x00007ffdde576000 	C:\WINDOWS\System32\GDI32.dll
0x00007ffddc8d0000 - 0x00007ffddca64000 	C:\WINDOWS\System32\gdi32full.dll
0x00007ffddcf20000 - 0x00007ffddcfbe000 	C:\WINDOWS\System32\msvcp_win.dll
0x00007ffddc770000 - 0x00007ffddc86a000 	C:\WINDOWS\System32\ucrtbase.dll
0x00007ffdce7f0000 - 0x00007ffdcea75000 	C:\WINDOWS\WinSxS\amd64_microsoft.windows.common-controls_6595b64144ccf1df_6.0.18362.418_none_e6c6b287130d565d\COMCTL32.dll
0x00007ffddd110000 - 0x00007ffddd446000 	C:\WINDOWS\System32\combase.dll
0x00007ffddce50000 - 0x00007ffddced0000 	C:\WINDOWS\System32\bcryptPrimitives.dll
0x00007ffddd8f0000 - 0x00007ffddd91e000 	C:\WINDOWS\System32\IMM32.DLL
0x00000000593c0000 - 0x0000000059492000 	C:\Program Files\Android\Android Studio\jre\jre\bin\msvcr100.dll
0x00000000594a0000 - 0x0000000059ce6000 	C:\Program Files\Android\Android Studio\jre\jre\bin\server\jvm.dll
0x00007ffdde740000 - 0x00007ffdde748000 	C:\WINDOWS\System32\PSAPI.DLL
0x00007ffdd9df0000 - 0x00007ffdd9e14000 	C:\WINDOWS\SYSTEM32\WINMM.dll
0x00007ffdd5d30000 - 0x00007ffdd5d3a000 	C:\WINDOWS\SYSTEM32\VERSION.dll
0x00007ffdc5360000 - 0x00007ffdc5369000 	C:\WINDOWS\SYSTEM32\WSOCK32.dll
0x00007ffddd880000 - 0x00007ffddd8ef000 	C:\WINDOWS\System32\WS2_32.dll
0x00007ffdd9dc0000 - 0x00007ffdd9ded000 	C:\WINDOWS\SYSTEM32\winmmbase.dll
0x00007ffddced0000 - 0x00007ffddcf1a000 	C:\WINDOWS\System32\cfgmgr32.dll
0x00007ffdd8970000 - 0x00007ffdd897f000 	C:\Program Files\Android\Android Studio\jre\jre\bin\verify.dll
0x00007ffdcf480000 - 0x00007ffdcf4a9000 	C:\Program Files\Android\Android Studio\jre\jre\bin\java.dll
0x00007ffdd55b0000 - 0x00007ffdd55c6000 	C:\Program Files\Android\Android Studio\jre\jre\bin\zip.dll
0x00007ffdde750000 - 0x00007ffddee35000 	C:\WINDOWS\System32\SHELL32.dll
0x00007ffdddd80000 - 0x00007ffddde29000 	C:\WINDOWS\System32\shcore.dll
0x00007ffddbff0000 - 0x00007ffddc76f000 	C:\WINDOWS\System32\windows.storage.dll
0x00007ffddbf60000 - 0x00007ffddbf7f000 	C:\WINDOWS\System32\profapi.dll
0x00007ffddbf80000 - 0x00007ffddbfca000 	C:\WINDOWS\System32\powrprof.dll
0x00007ffddbf30000 - 0x00007ffddbf40000 	C:\WINDOWS\System32\UMPDC.dll
0x00007ffddde30000 - 0x00007ffddde82000 	C:\WINDOWS\System32\shlwapi.dll
0x00007ffddbf40000 - 0x00007ffddbf51000 	C:\WINDOWS\System32\kernel.appcore.dll
0x00007ffddce30000 - 0x00007ffddce47000 	C:\WINDOWS\System32\cryptsp.dll
0x00007ffdd4f80000 - 0x00007ffdd4f9a000 	C:\Program Files\Android\Android Studio\jre\jre\bin\net.dll
0x00007ffddb7a0000 - 0x00007ffddb807000 	C:\WINDOWS\system32\mswsock.dll
0x00007ffdd2c50000 - 0x00007ffdd2c61000 	C:\Program Files\Android\Android Studio\jre\jre\bin\nio.dll
0x00007ffdd2d20000 - 0x00007ffdd2d3e000 	C:\Users\youseearya\.gradle\native\25\windows-amd64\native-platform.dll
0x00007ffdd71f0000 - 0x00007ffdd71fd000 	C:\Program Files\Android\Android Studio\jre\jre\bin\management.dll
0x00007ffddb310000 - 0x00007ffddb343000 	C:\WINDOWS\system32\rsaenh.dll
0x00007ffddca70000 - 0x00007ffddca96000 	C:\WINDOWS\System32\bcrypt.dll
0x00007ffddbe50000 - 0x00007ffddbe75000 	C:\WINDOWS\SYSTEM32\USERENV.dll
0x00007ffddb970000 - 0x00007ffddb97c000 	C:\WINDOWS\SYSTEM32\CRYPTBASE.dll
0x00007ffddb4b0000 - 0x00007ffddb4ea000 	C:\WINDOWS\SYSTEM32\IPHLPAPI.DLL
0x00007ffdddaf0000 - 0x00007ffdddaf8000 	C:\WINDOWS\System32\NSI.dll
0x00007ffdd0c00000 - 0x00007ffdd0c16000 	C:\WINDOWS\SYSTEM32\dhcpcsvc6.DLL
0x00007ffdd2fc0000 - 0x00007ffdd2fdc000 	C:\WINDOWS\SYSTEM32\dhcpcsvc.DLL
0x00007ffddb4f0000 - 0x00007ffddb5ba000 	C:\WINDOWS\SYSTEM32\DNSAPI.dll

VM Arguments:
jvm_args: -Xmx1536m -Dfile.encoding=windows-1252 -Duser.country=US -Duser.language=en -Duser.variant 
java_command: org.gradle.launcher.daemon.bootstrap.GradleDaemon 5.1.1
java_class_path (initial): C:\Users\youseearya\.gradle\wrapper\dists\gradle-5.1.1-all\97z1ksx6lirer3kbvdnh7jtjg\gradle-5.1.1\lib\gradle-launcher-5.1.1.jar
Launcher Type: SUN_STANDARD

Environment Variables:
PATH=C:\Program Files (x86)\Intel\Intel(R) Management Engine Components\iCLS\;C:\Program Files\Intel\Intel(R) Management Engine Components\iCLS\;C:\Program Files (x86)\Common Files\Oracle\Java\javapath;C:\Windows\system32;C:\Windows;C:\Windows\System32\Wbem;C:\Windows\System32\WindowsPowerShell\v1.0\;C:\Windows\System32\OpenSSH\;C:\Program Files\Intel\WiFi\bin\;C:\Program Files\Common Files\Intel\WirelessCommon\;C:\Program Files (x86)\NVIDIA Corporation\PhysX\Common;C:\Program Files (x86)\Intel\Intel(R) Management Engine Components\DAL;C:\Program Files\Intel\Intel(R) Management Engine Components\DAL;C:\Program Files (x86)\Intel\Intel(R) Management Engine Components\IPT;C:\Program Files\Intel\Intel(R) Management Engine Components\IPT;C:\WINDOWS\system32;C:\WINDOWS;C:\WINDOWS\System32\Wbem;C:\WINDOWS\System32\WindowsPowerShell\v1.0\;C:\WINDOWS\System32\OpenSSH\;C:\xampp\php;C:\ProgramData\ComposerSetup\bin;C:\Users\youseearya\AppData\Local\Microsoft\WindowsApps;C:\Users\youseearya\AppData\Local\GitHubDesktop\bin
USERNAME=a r  sura pratama
OS=Windows_NT
PROCESSOR_IDENTIFIER=Intel64 Family 6 Model 158 Stepping 10, GenuineIntel



---------------  S Y S T E M  ---------------

OS: Windows 10.0 , 64 bit Build 18362 (10.0.18362.329)

CPU:total 12 (initial active 12) (6 cores per cpu, 2 threads per core) family 6 model 158 stepping 10, cmov, cx8, fxsr, mmx, sse, sse2, sse3, ssse3, sse4.1, sse4.2, popcnt, avx, avx2, aes, clmul, erms, 3dnowpref, lzcnt, ht, tsc, tscinvbit, bmi1, bmi2, adx

Memory: 4k page, physical 8230656k(755312k free), swap 33396480k(6696k free)

vm_info: OpenJDK 64-Bit Server VM (25.202-b03) for windows-amd64 JRE (1.8.0_202-release-1483-b03), built by "builder" with MS VC++ 10.0 (VS2010)

time: Thu Oct 24 11:53:49 2019
timezone: SE Asia Standard Time
elapsed time: 3 seconds (0d 0h 0m 3s)

