#
# There is insufficient memory for the Java Runtime Environment to continue.
# Native memory allocation (malloc) failed to allocate 65552 bytes for Chunk::new
# Possible reasons:
#   The system is out of physical RAM or swap space
#   The process is running with CompressedOops enabled, and the Java Heap may be blocking the growth of the native heap
# Possible solutions:
#   Reduce memory load on the system
#   Increase physical memory or swap space
#   Check if swap backing store is full
#   Decrease Java heap size (-Xmx/-Xms)
#   Decrease number of Java threads
#   Decrease Java thread stack sizes (-Xss)
#   Set larger code cache with -XX:ReservedCodeCacheSize=
#   JVM is running with Unscaled Compressed Oops mode in which the Java heap is
#     placed in the first 4GB address space. The Java Heap base address is the
#     maximum limit for the native heap growth. Please use -XX:HeapBaseMinAddress
#     to set the Java Heap base and to place the Java Heap above 4GB virtual address.
# This output file may be truncated or incomplete.
#
#  Out of Memory Error (allocation.cpp:389), pid=8184, tid=0x0000000000000efc
#
# JRE version: OpenJDK Runtime Environment (8.0_202-b03) (build 1.8.0_202-release-1483-b03)
# Java VM: OpenJDK 64-Bit Server VM (25.202-b03 mixed mode windows-amd64 compressed oops)
# Failed to write core dump. Minidumps are not enabled by default on client versions of Windows
#

---------------  T H R E A D  ---------------

Current thread (0x00000000184ae800):  JavaThread "C2 CompilerThread0" daemon [_thread_in_native, id=3836, stack(0x0000000019b00000,0x0000000019c00000)]

Stack: [0x0000000019b00000,0x0000000019c00000]
[error occurred during error reporting (printing stack bounds), id 0xc0000005]

Native frames: (J=compiled Java code, j=interpreted, Vv=VM code, C=native code)


Current CompileTask:
C2:   7671 3460   !   4       java.util.jar.Attributes::read (380 bytes)


---------------  P R O C E S S  ---------------

Java Threads: ( => current thread )
  0x0000000021597800 JavaThread "Cache worker for Build Output Cleanup Cache (D:\Rifqy\New folder\rifqy\.gradle\buildOutputCleanup)" [_thread_blocked, id=10184, stack(0x0000000023730000,0x0000000023830000)]
  0x0000000021596800 JavaThread "pool-1-thread-1" [_thread_blocked, id=14252, stack(0x0000000023630000,0x0000000023730000)]
  0x0000000021593000 JavaThread "Build operations Thread 12" [_thread_blocked, id=11900, stack(0x00000000243e0000,0x00000000244e0000)]
  0x0000000021593800 JavaThread "Build operations Thread 11" [_thread_blocked, id=7324, stack(0x00000000242e0000,0x00000000243e0000)]
  0x0000000021592000 JavaThread "Build operations Thread 10" [_thread_blocked, id=12048, stack(0x00000000241e0000,0x00000000242e0000)]
  0x0000000021591800 JavaThread "Build operations Thread 9" [_thread_blocked, id=9512, stack(0x00000000240e0000,0x00000000241e0000)]
  0x000000002158b800 JavaThread "Build operations Thread 8" [_thread_blocked, id=12436, stack(0x0000000023fe0000,0x00000000240e0000)]
  0x0000000021590800 JavaThread "Build operations Thread 7" [_thread_blocked, id=10488, stack(0x0000000023ee0000,0x0000000023fe0000)]
  0x0000000021590000 JavaThread "Build operations Thread 6" [_thread_blocked, id=11000, stack(0x0000000023de0000,0x0000000023ee0000)]
  0x0000000021588800 JavaThread "Build operations Thread 5" [_thread_blocked, id=14756, stack(0x0000000023ce0000,0x0000000023de0000)]
  0x000000002158a800 JavaThread "Build operations Thread 4" [_thread_blocked, id=2892, stack(0x0000000023be0000,0x0000000023ce0000)]
  0x000000002158a000 JavaThread "Build operations Thread 3" [_thread_blocked, id=8824, stack(0x0000000023ae0000,0x0000000023be0000)]
  0x000000002158d000 JavaThread "Build operations Thread 2" [_thread_blocked, id=10364, stack(0x00000000239e0000,0x0000000023ae0000)]
  0x000000002158e800 JavaThread "Build operations" [_thread_blocked, id=10196, stack(0x00000000238e0000,0x00000000239e0000)]
  0x0000000021589000 JavaThread "Cache worker for execution history cache (C:\Users\youseearya\.gradle\caches\5.1.1\executionHistory)" [_thread_blocked, id=5384, stack(0x0000000021a50000,0x0000000021b50000)]
  0x000000002158f000 JavaThread "Cache worker for cache directory md-rule (C:\Users\youseearya\.gradle\caches\5.1.1\md-rule)" [_thread_blocked, id=10348, stack(0x0000000021c80000,0x0000000021d80000)]
  0x000000002158d800 JavaThread "Cache worker for cache directory md-supplier (C:\Users\youseearya\.gradle\caches\5.1.1\md-supplier)" [_thread_blocked, id=10512, stack(0x0000000021b80000,0x0000000021c80000)]
  0x000000001aab3800 JavaThread "Cache worker for file hash cache (D:\Rifqy\New folder\rifqy\.gradle\5.1.1\fileHashes)" [_thread_blocked, id=8856, stack(0x000000001df20000,0x000000001e020000)]
  0x000000001aaba800 JavaThread "Cache worker for journal cache (C:\Users\youseearya\.gradle\caches\journal-1)" [_thread_blocked, id=7360, stack(0x000000001dc20000,0x000000001dd20000)]
  0x000000001aab9800 JavaThread "File lock request listener" [_thread_in_native, id=11732, stack(0x000000001db20000,0x000000001dc20000)]
  0x000000001bbce800 JavaThread "Cache worker for file hash cache (C:\Users\youseearya\.gradle\caches\5.1.1\fileHashes)" [_thread_blocked, id=14412, stack(0x000000001da20000,0x000000001db20000)]
  0x000000001b688800 JavaThread "Thread-8" [_thread_blocked, id=2120, stack(0x000000001d920000,0x000000001da20000)]
  0x0000000018719000 JavaThread "Stdin handler" [_thread_blocked, id=7716, stack(0x000000001d820000,0x000000001d920000)]
  0x0000000018718000 JavaThread "Asynchronous log dispatcher for DefaultDaemonConnection: socket connection from /127.0.0.1:52501 to /127.0.0.1:52502" [_thread_blocked, id=1996, stack(0x000000001d720000,0x000000001d820000)]
  0x000000001bacc800 JavaThread "Daemon worker" [_thread_in_native, id=12724, stack(0x000000001d620000,0x000000001d720000)]
  0x00000000185c8000 JavaThread "Cancel handler" [_thread_blocked, id=16116, stack(0x000000001d520000,0x000000001d620000)]
  0x000000001bc2b000 JavaThread "Handler for socket connection from /127.0.0.1:52501 to /127.0.0.1:52502" [_thread_in_native, id=2184, stack(0x000000001d220000,0x000000001d320000)]
  0x000000001bc2a800 JavaThread "Daemon" [_thread_blocked, id=7888, stack(0x000000001d120000,0x000000001d220000)]
  0x000000001afb9000 JavaThread "Daemon periodic checks" [_thread_blocked, id=14148, stack(0x000000001d020000,0x000000001d120000)]
  0x000000001b2e6000 JavaThread "Incoming local TCP Connector on port 52501" [_thread_in_native, id=10592, stack(0x000000001cde0000,0x000000001cee0000)]
  0x0000000018542000 JavaThread "Service Thread" daemon [_thread_blocked, id=1648, stack(0x0000000019f00000,0x000000001a000000)]
  0x00000000184bf800 JavaThread "C1 CompilerThread3" daemon [_thread_blocked, id=3684, stack(0x0000000019e00000,0x0000000019f00000)]
  0x00000000184bf000 JavaThread "C2 CompilerThread2" daemon [_thread_blocked, id=12828, stack(0x0000000019d00000,0x0000000019e00000)]
  0x00000000184b8800 JavaThread "C2 CompilerThread1" daemon [_thread_in_native, id=9616, stack(0x0000000019c00000,0x0000000019d00000)]
=>0x00000000184ae800 JavaThread "C2 CompilerThread0" daemon [_thread_in_native, id=3836, stack(0x0000000019b00000,0x0000000019c00000)]
  0x00000000184ac800 JavaThread "Attach Listener" daemon [_thread_blocked, id=7620, stack(0x0000000019a00000,0x0000000019b00000)]
  0x00000000184ab800 JavaThread "Signal Dispatcher" daemon [_thread_blocked, id=8488, stack(0x0000000019900000,0x0000000019a00000)]
  0x0000000016de2000 JavaThread "Finalizer" daemon [_thread_blocked, id=3240, stack(0x0000000019700000,0x0000000019800000)]
  0x00000000184a3000 JavaThread "Reference Handler" daemon [_thread_blocked, id=6260, stack(0x0000000019600000,0x0000000019700000)]
  0x00000000009ce800 JavaThread "main" [_thread_blocked, id=10776, stack(0x0000000002b80000,0x0000000002c80000)]

Other Threads:
  0x0000000016dd5800 VMThread [stack: 0x0000000019500000,0x0000000019600000] [id=5824]
  0x0000000018542800 WatcherThread [stack: 0x000000001a000000,0x000000001a100000] [id=11072]

VM state:not at safepoint (normal execution)

VM Mutex/Monitor currently owned by a thread: None

heap address: 0x00000000a0000000, size: 1536 MB, Compressed Oops mode: 32-bit
Narrow klass base: 0x0000000000000000, Narrow klass shift: 3
Compressed class space size: 1073741824 Address: 0x0000000100000000

Heap:
 PSYoungGen      total 192512K, used 44171K [0x00000000e0000000, 0x00000000eef00000, 0x0000000100000000)
  eden space 178688K, 24% used [0x00000000e0000000,0x00000000e2b22e08,0x00000000eae80000)
  from space 13824K, 0% used [0x00000000ebb80000,0x00000000ebb80000,0x00000000ec900000)
  to   space 13312K, 0% used [0x00000000eae80000,0x00000000eae80000,0x00000000ebb80000)
 ParOldGen       total 92672K, used 15553K [0x00000000a0000000, 0x00000000a5a80000, 0x00000000e0000000)
  object space 92672K, 16% used [0x00000000a0000000,0x00000000a0f30488,0x00000000a5a80000)
 Metaspace       used 41069K, capacity 41910K, committed 42280K, reserved 1085440K
  class space    used 5580K, capacity 5825K, committed 5928K, reserved 1048576K

Card table byte_map: [0x00000000121e0000,0x00000000124f0000] byte_map_base: 0x0000000011ce0000

Marking Bits: (ParMarkBitMap*) 0x0000000059c69f30
 Begin Bits: [0x00000000130f0000, 0x00000000148f0000)
 End Bits:   [0x00000000148f0000, 0x00000000160f0000)

Polling page: 0x00000000009f0000

CodeCache: size=245760Kb used=10679Kb max_used=11487Kb free=235080Kb
 bounds [0x0000000002e20000, 0x0000000003960000, 0x0000000011e20000]
 total_blobs=3887 nmethods=3153 adapters=647
 compilation: enabled

Compilation events (10 events):
Event: 7.660 Thread 0x00000000184b8800 nmethod 3510 0x000000000309c1d0 code [0x000000000309c300, 0x000000000309c358]
Event: 7.660 Thread 0x00000000184b8800 3513       4       sun.security.provider.SHA2::lf_delta1 (21 bytes)
Event: 7.661 Thread 0x00000000184bf800 nmethod 3494 0x0000000003296c50 code [0x0000000003296e20, 0x0000000003297498]
Event: 7.661 Thread 0x00000000184bf800 3511       3       sun.security.provider.SHA2::implCompress (331 bytes)
Event: 7.661 Thread 0x00000000184bf000 nmethod 3512 0x0000000003124f90 code [0x00000000031250c0, 0x0000000003125118]
Event: 7.661 Thread 0x00000000184b8800 nmethod 3513 0x0000000003190110 code [0x0000000003190240, 0x0000000003190298]
Event: 7.662 Thread 0x00000000184bf000 3514       4       sun.security.provider.SHA2::lf_delta0 (20 bytes)
Event: 7.662 Thread 0x00000000184bf000 nmethod 3514 0x0000000003609a90 code [0x0000000003609bc0, 0x0000000003609c18]
Event: 7.663 Thread 0x00000000184bf800 nmethod 3511 0x0000000003370550 code [0x00000000033707a0, 0x0000000003371588]
Event: 7.667 Thread 0x00000000184b8800 3515 %     4       sun.security.provider.SHA2::implCompress @ 142 (331 bytes)

GC Heap History (10 events):
Event: 3.794 GC heap before
{Heap before GC invocations=6 (full 1):
 PSYoungGen      total 70656K, used 5091K [0x00000000e0000000, 0x00000000e9700000, 0x0000000100000000)
  eden space 65536K, 0% used [0x00000000e0000000,0x00000000e0000000,0x00000000e4000000)
  from space 5120K, 99% used [0x00000000e4000000,0x00000000e44f8da8,0x00000000e4500000)
  to   space 11776K, 0% used [0x00000000e8b80000,0x00000000e8b80000,0x00000000e9700000)
 ParOldGen       total 86016K, used 10486K [0x00000000a0000000, 0x00000000a5400000, 0x00000000e0000000)
  object space 86016K, 12% used [0x00000000a0000000,0x00000000a0a3da38,0x00000000a5400000)
 Metaspace       used 20659K, capacity 21118K, committed 21296K, reserved 1067008K
  class space    used 2903K, capacity 3087K, committed 3200K, reserved 1048576K
Event: 3.820 GC heap after
Heap after GC invocations=6 (full 1):
 PSYoungGen      total 70656K, used 0K [0x00000000e0000000, 0x00000000e9700000, 0x0000000100000000)
  eden space 65536K, 0% used [0x00000000e0000000,0x00000000e0000000,0x00000000e4000000)
  from space 5120K, 0% used [0x00000000e4000000,0x00000000e4000000,0x00000000e4500000)
  to   space 11776K, 0% used [0x00000000e8b80000,0x00000000e8b80000,0x00000000e9700000)
 ParOldGen       total 61440K, used 10707K [0x00000000a0000000, 0x00000000a3c00000, 0x00000000e0000000)
  object space 61440K, 17% used [0x00000000a0000000,0x00000000a0a74e10,0x00000000a3c00000)
 Metaspace       used 20659K, capacity 21118K, committed 21296K, reserved 1067008K
  class space    used 2903K, capacity 3087K, committed 3200K, reserved 1048576K
}
Event: 4.468 GC heap before
{Heap before GC invocations=7 (full 1):
 PSYoungGen      total 70656K, used 65536K [0x00000000e0000000, 0x00000000e9700000, 0x0000000100000000)
  eden space 65536K, 100% used [0x00000000e0000000,0x00000000e4000000,0x00000000e4000000)
  from space 5120K, 0% used [0x00000000e4000000,0x00000000e4000000,0x00000000e4500000)
  to   space 11776K, 0% used [0x00000000e8b80000,0x00000000e8b80000,0x00000000e9700000)
 ParOldGen       total 61440K, used 10707K [0x00000000a0000000, 0x00000000a3c00000, 0x00000000e0000000)
  object space 61440K, 17% used [0x00000000a0000000,0x00000000a0a74e10,0x00000000a3c00000)
 Metaspace       used 28609K, capacity 29110K, committed 29440K, reserved 1075200K
  class space    used 3851K, capacity 4034K, committed 4096K, reserved 1048576K
Event: 4.476 GC heap after
Heap after GC invocations=7 (full 1):
 PSYoungGen      total 115712K, used 7871K [0x00000000e0000000, 0x00000000e9380000, 0x0000000100000000)
  eden space 107520K, 0% used [0x00000000e0000000,0x00000000e0000000,0x00000000e6900000)
  from space 8192K, 96% used [0x00000000e8b80000,0x00000000e932fde8,0x00000000e9380000)
  to   space 11776K, 0% used [0x00000000e7c80000,0x00000000e7c80000,0x00000000e8800000)
 ParOldGen       total 61440K, used 10715K [0x00000000a0000000, 0x00000000a3c00000, 0x00000000e0000000)
  object space 61440K, 17% used [0x00000000a0000000,0x00000000a0a76e10,0x00000000a3c00000)
 Metaspace       used 28609K, capacity 29110K, committed 29440K, reserved 1075200K
  class space    used 3851K, capacity 4034K, committed 4096K, reserved 1048576K
}
Event: 5.666 GC heap before
{Heap before GC invocations=8 (full 1):
 PSYoungGen      total 115712K, used 115391K [0x00000000e0000000, 0x00000000e9380000, 0x0000000100000000)
  eden space 107520K, 100% used [0x00000000e0000000,0x00000000e6900000,0x00000000e6900000)
  from space 8192K, 96% used [0x00000000e8b80000,0x00000000e932fde8,0x00000000e9380000)
  to   space 11776K, 0% used [0x00000000e7c80000,0x00000000e7c80000,0x00000000e8800000)
 ParOldGen       total 61440K, used 10715K [0x00000000a0000000, 0x00000000a3c00000, 0x00000000e0000000)
  object space 61440K, 17% used [0x00000000a0000000,0x00000000a0a76e10,0x00000000a3c00000)
 Metaspace       used 33924K, capacity 34642K, committed 34944K, reserved 1079296K
  class space    used 4677K, capacity 4890K, committed 4992K, reserved 1048576K
Event: 5.685 GC heap after
Heap after GC invocations=8 (full 1):
 PSYoungGen      total 139264K, used 11758K [0x00000000e0000000, 0x00000000ec900000, 0x0000000100000000)
  eden space 127488K, 0% used [0x00000000e0000000,0x00000000e0000000,0x00000000e7c80000)
  from space 11776K, 99% used [0x00000000e7c80000,0x00000000e87fba30,0x00000000e8800000)
  to   space 13824K, 0% used [0x00000000ebb80000,0x00000000ebb80000,0x00000000ec900000)
 ParOldGen       total 61440K, used 11390K [0x00000000a0000000, 0x00000000a3c00000, 0x00000000e0000000)
  object space 61440K, 18% used [0x00000000a0000000,0x00000000a0b1fbe8,0x00000000a3c00000)
 Metaspace       used 33924K, capacity 34642K, committed 34944K, reserved 1079296K
  class space    used 4677K, capacity 4890K, committed 4992K, reserved 1048576K
}
Event: 6.106 GC heap before
{Heap before GC invocations=9 (full 1):
 PSYoungGen      total 139264K, used 25598K [0x00000000e0000000, 0x00000000ec900000, 0x0000000100000000)
  eden space 127488K, 10% used [0x00000000e0000000,0x00000000e0d83ef0,0x00000000e7c80000)
  from space 11776K, 99% used [0x00000000e7c80000,0x00000000e87fba30,0x00000000e8800000)
  to   space 13824K, 0% used [0x00000000ebb80000,0x00000000ebb80000,0x00000000ec900000)
 ParOldGen       total 61440K, used 11390K [0x00000000a0000000, 0x00000000a3c00000, 0x00000000e0000000)
  object space 61440K, 18% used [0x00000000a0000000,0x00000000a0b1fbe8,0x00000000a3c00000)
 Metaspace       used 34709K, capacity 35420K, committed 35496K, reserved 1079296K
  class space    used 4783K, capacity 5001K, committed 5032K, reserved 1048576K
Event: 6.119 GC heap after
Heap after GC invocations=9 (full 1):
 PSYoungGen      total 192512K, used 8686K [0x00000000e0000000, 0x00000000eef00000, 0x0000000100000000)
  eden space 178688K, 0% used [0x00000000e0000000,0x00000000e0000000,0x00000000eae80000)
  from space 13824K, 62% used [0x00000000ebb80000,0x00000000ec3fbb50,0x00000000ec900000)
  to   space 13312K, 0% used [0x00000000eae80000,0x00000000eae80000,0x00000000ebb80000)
 ParOldGen       total 61440K, used 11398K [0x00000000a0000000, 0x00000000a3c00000, 0x00000000e0000000)
  object space 61440K, 18% used [0x00000000a0000000,0x00000000a0b21be8,0x00000000a3c00000)
 Metaspace       used 34709K, capacity 35420K, committed 35496K, reserved 1079296K
  class space    used 4783K, capacity 5001K, committed 5032K, reserved 1048576K
}
Event: 6.119 GC heap before
{Heap before GC invocations=10 (full 2):
 PSYoungGen      total 192512K, used 8686K [0x00000000e0000000, 0x00000000eef00000, 0x0000000100000000)
  eden space 178688K, 0% used [0x00000000e0000000,0x00000000e0000000,0x00000000eae80000)
  from space 13824K, 62% used [0x00000000ebb80000,0x00000000ec3fbb50,0x00000000ec900000)
  to   space 13312K, 0% used [0x00000000eae80000,0x00000000eae80000,0x00000000ebb80000)
 ParOldGen       total 61440K, used 11398K [0x00000000a0000000, 0x00000000a3c00000, 0x00000000e0000000)
  object space 61440K, 18% used [0x00000000a0000000,0x00000000a0b21be8,0x00000000a3c00000)
 Metaspace       used 34709K, capacity 35420K, committed 35496K, reserved 1079296K
  class space    used 4783K, capacity 5001K, committed 5032K, reserved 1048576K
Event: 6.224 GC heap after
Heap after GC invocations=10 (full 2):
 PSYoungGen      total 192512K, used 0K [0x00000000e0000000, 0x00000000eef00000, 0x0000000100000000)
  eden space 178688K, 0% used [0x00000000e0000000,0x00000000e0000000,0x00000000eae80000)
  from space 13824K, 0% used [0x00000000ebb80000,0x00000000ebb80000,0x00000000ec900000)
  to   space 13312K, 0% used [0x00000000eae80000,0x00000000eae80000,0x00000000ebb80000)
 ParOldGen       total 92672K, used 15553K [0x00000000a0000000, 0x00000000a5a80000, 0x00000000e0000000)
  object space 92672K, 16% used [0x00000000a0000000,0x00000000a0f30488,0x00000000a5a80000)
 Metaspace       used 34684K, capacity 35342K, committed 35496K, reserved 1079296K
  class space    used 4776K, capacity 4988K, committed 5032K, reserved 1048576K
}

Deoptimization events (10 events):
Event: 5.519 Thread 0x000000001bacc800 Uncommon trap: reason=range_check action=make_not_entrant pc=0x00000000037c0120 method=java.lang.String.charAt(I)C @ 27
Event: 6.332 Thread 0x000000001bacc800 Uncommon trap: reason=predicate action=maybe_recompile pc=0x000000000379c610 method=java.util.Arrays.binarySearch0([Ljava/lang/Object;IILjava/lang/Object;Ljava/util/Comparator;)I @ 28
Event: 6.382 Thread 0x000000001bacc800 Uncommon trap: reason=unstable_if action=reinterpret pc=0x00000000034b6a10 method=sun.misc.MetaIndex.mayContain(Ljava/lang/String;)Z @ 38
Event: 6.384 Thread 0x000000001bacc800 Uncommon trap: reason=unstable_if action=reinterpret pc=0x0000000003910960 method=java.security.CodeSource.hashCode()I @ 4
Event: 6.384 Thread 0x000000001bacc800 Uncommon trap: reason=unstable_if action=reinterpret pc=0x00000000038683cc method=java.security.CodeSource.hashCode()I @ 4
Event: 7.474 Thread 0x000000001bacc800 Uncommon trap: reason=unstable_if action=reinterpret pc=0x0000000003695af0 method=java.util.jar.JarFile.maybeInstantiateVerifier()V @ 75
Event: 7.476 Thread 0x000000001bacc800 Uncommon trap: reason=unstable_if action=reinterpret pc=0x0000000003322b4c method=java.util.jar.Attributes$Name.isDigit(C)Z @ 3
Event: 7.491 Thread 0x000000001bacc800 Uncommon trap: reason=unstable_if action=reinterpret pc=0x0000000003921c20 method=java.lang.ThreadLocal.get()Ljava/lang/Object; @ 11
Event: 7.525 Thread 0x000000001bacc800 Uncommon trap: reason=unstable_if action=reinterpret pc=0x00000000038ff4cc method=java.util.HashMap.putVal(ILjava/lang/Object;Ljava/lang/Object;ZZ)Ljava/lang/Object; @ 236
Event: 7.588 Thread 0x000000001bacc800 Uncommon trap: reason=unstable_if action=reinterpret pc=0x000000000330657c method=java.lang.CharacterDataLatin1.isWhitespace(I)Z @ 14

Classes redefined (0 events):
No events

Internal exceptions (10 events):
Event: 5.803 Thread 0x000000001bacc800 Exception <a 'java/lang/ClassNotFoundException': org/gradle/api/tasks/Delete_DecoratedCustomizer> (0x00000000e03ce4e0) thrown at [D:\src\AOSP-openjdk-cygwin\jdk8u\hotspot\src\share\vm\classfile\systemDictionary.cpp, line 210]
Event: 5.998 Thread 0x000000001bacc800 Exception <a 'java/lang/ClassNotFoundException': build_44ztmj6495xaxop15bpwc8lmkBeanInfo> (0x00000000e04c7a48) thrown at [D:\src\AOSP-openjdk-cygwin\jdk8u\hotspot\src\share\vm\classfile\systemDictionary.cpp, line 210]
Event: 5.998 Thread 0x000000001bacc800 Exception <a 'java/lang/ClassNotFoundException': build_44ztmj6495xaxop15bpwc8lmkCustomizer> (0x00000000e04d2d10) thrown at [D:\src\AOSP-openjdk-cygwin\jdk8u\hotspot\src\share\vm\classfile\systemDictionary.cpp, line 210]
Event: 6.003 Thread 0x000000001bacc800 Exception <a 'java/lang/ClassNotFoundException': org/gradle/api/internal/plugins/DefaultObjectConfigurationActionBeanInfo> (0x00000000e0544848) thrown at [D:\src\AOSP-openjdk-cygwin\jdk8u\hotspot\src\share\vm\classfile\systemDictionary.cpp, line 210]
Event: 6.004 Thread 0x000000001bacc800 Exception <a 'java/lang/ClassNotFoundException': org/gradle/api/internal/plugins/DefaultObjectConfigurationActionCustomizer> (0x00000000e0583c50) thrown at [D:\src\AOSP-openjdk-cygwin\jdk8u\hotspot\src\share\vm\classfile\systemDictionary.cpp, line 210]
Event: 6.384 Thread 0x000000001bacc800 Implicit null exception at 0x000000000390dd17 to 0x0000000003910905
Event: 6.384 Thread 0x000000001bacc800 Implicit null exception at 0x00000000038680d5 to 0x00000000038683bd
Event: 6.575 Thread 0x000000001bacc800 Exception <a 'sun/nio/fs/WindowsException'> (0x00000000e0a29c38) thrown at [D:\src\AOSP-openjdk-cygwin\jdk8u\hotspot\src\share\vm\prims\jni.cpp, line 710]
Event: 7.126 Thread 0x000000001bacc800 Exception <a 'sun/nio/fs/WindowsException'> (0x00000000e1933da0) thrown at [D:\src\AOSP-openjdk-cygwin\jdk8u\hotspot\src\share\vm\prims\jni.cpp, line 710]
Event: 7.491 Thread 0x000000001bacc800 Implicit null exception at 0x00000000039216e8 to 0x0000000003921c09

Events (10 events):
Event: 7.652 Thread 0x00000000184bf800 flushing nmethod 0x000000000346b510
Event: 7.652 Thread 0x00000000184bf800 flushing nmethod 0x00000000034857d0
Event: 7.652 Thread 0x00000000184bf800 flushing nmethod 0x0000000003485b50
Event: 7.652 Thread 0x00000000184bf800 flushing nmethod 0x0000000003487e90
Event: 7.652 Thread 0x00000000184bf800 flushing nmethod 0x00000000034a1bd0
Event: 7.652 Thread 0x00000000184bf800 flushing nmethod 0x0000000003606f50
Event: 7.653 Thread 0x00000000184bf800 flushing nmethod 0x0000000003609910
Event: 7.653 Thread 0x00000000184bf800 flushing nmethod 0x000000000360b510
Event: 7.653 Thread 0x00000000184bf800 flushing nmethod 0x0000000003635850
Event: 7.653 Thread 0x00000000184bf800 flushing nmethod 0x0000000003676b50


Dynamic libraries:
0x00007ff66d530000 - 0x00007ff66d561000 	C:\Program Files\Android\Android Studio\jre\bin\java.exe
0x00007ffddf060000 - 0x00007ffddf250000 	C:\WINDOWS\SYSTEM32\ntdll.dll
0x00007ffdddb60000 - 0x00007ffdddc12000 	C:\WINDOWS\System32\KERNEL32.DLL
0x00007ffddcb80000 - 0x00007ffddce23000 	C:\WINDOWS\System32\KERNELBASE.dll
0x00007ffddd450000 - 0x00007ffddd4f3000 	C:\WINDOWS\System32\ADVAPI32.dll
0x00007ffddda50000 - 0x00007ffdddaee000 	C:\WINDOWS\System32\msvcrt.dll
0x00007ffddee40000 - 0x00007ffddeed7000 	C:\WINDOWS\System32\sechost.dll
0x00007ffdde580000 - 0x00007ffdde6a0000 	C:\WINDOWS\System32\RPCRT4.dll
0x00007ffdde3b0000 - 0x00007ffdde544000 	C:\WINDOWS\System32\USER32.dll
0x00007ffddcb50000 - 0x00007ffddcb71000 	C:\WINDOWS\System32\win32u.dll
0x00007ffdde550000 - 0x00007ffdde576000 	C:\WINDOWS\System32\GDI32.dll
0x00007ffddc8d0000 - 0x00007ffddca64000 	C:\WINDOWS\System32\gdi32full.dll
0x00007ffddcf20000 - 0x00007ffddcfbe000 	C:\WINDOWS\System32\msvcp_win.dll
0x00007ffddc770000 - 0x00007ffddc86a000 	C:\WINDOWS\System32\ucrtbase.dll
0x00007ffdce7f0000 - 0x00007ffdcea75000 	C:\WINDOWS\WinSxS\amd64_microsoft.windows.common-controls_6595b64144ccf1df_6.0.18362.418_none_e6c6b287130d565d\COMCTL32.dll
0x00007ffddd110000 - 0x00007ffddd446000 	C:\WINDOWS\System32\combase.dll
0x00007ffddce50000 - 0x00007ffddced0000 	C:\WINDOWS\System32\bcryptPrimitives.dll
0x00007ffddd8f0000 - 0x00007ffddd91e000 	C:\WINDOWS\System32\IMM32.DLL
0x00000000593c0000 - 0x0000000059492000 	C:\Program Files\Android\Android Studio\jre\jre\bin\msvcr100.dll
0x00000000594a0000 - 0x0000000059ce6000 	C:\Program Files\Android\Android Studio\jre\jre\bin\server\jvm.dll
0x00007ffdde740000 - 0x00007ffdde748000 	C:\WINDOWS\System32\PSAPI.DLL
0x00007ffdc5360000 - 0x00007ffdc5369000 	C:\WINDOWS\SYSTEM32\WSOCK32.dll
0x00007ffdd9df0000 - 0x00007ffdd9e14000 	C:\WINDOWS\SYSTEM32\WINMM.dll
0x00007ffdd5d30000 - 0x00007ffdd5d3a000 	C:\WINDOWS\SYSTEM32\VERSION.dll
0x00007ffddd880000 - 0x00007ffddd8ef000 	C:\WINDOWS\System32\WS2_32.dll
0x00007ffdd9dc0000 - 0x00007ffdd9ded000 	C:\WINDOWS\SYSTEM32\winmmbase.dll
0x00007ffddced0000 - 0x00007ffddcf1a000 	C:\WINDOWS\System32\cfgmgr32.dll
0x00007ffdd8970000 - 0x00007ffdd897f000 	C:\Program Files\Android\Android Studio\jre\jre\bin\verify.dll
0x00007ffdcf480000 - 0x00007ffdcf4a9000 	C:\Program Files\Android\Android Studio\jre\jre\bin\java.dll
0x00007ffdd55b0000 - 0x00007ffdd55c6000 	C:\Program Files\Android\Android Studio\jre\jre\bin\zip.dll
0x00007ffdde750000 - 0x00007ffddee35000 	C:\WINDOWS\System32\SHELL32.dll
0x00007ffdddd80000 - 0x00007ffddde29000 	C:\WINDOWS\System32\shcore.dll
0x00007ffddbff0000 - 0x00007ffddc76f000 	C:\WINDOWS\System32\windows.storage.dll
0x00007ffddbf60000 - 0x00007ffddbf7f000 	C:\WINDOWS\System32\profapi.dll
0x00007ffddbf80000 - 0x00007ffddbfca000 	C:\WINDOWS\System32\powrprof.dll
0x00007ffddbf30000 - 0x00007ffddbf40000 	C:\WINDOWS\System32\UMPDC.dll
0x00007ffddde30000 - 0x00007ffddde82000 	C:\WINDOWS\System32\shlwapi.dll
0x00007ffddbf40000 - 0x00007ffddbf51000 	C:\WINDOWS\System32\kernel.appcore.dll
0x00007ffddce30000 - 0x00007ffddce47000 	C:\WINDOWS\System32\cryptsp.dll
0x00007ffdd4f80000 - 0x00007ffdd4f9a000 	C:\Program Files\Android\Android Studio\jre\jre\bin\net.dll
0x00007ffddb7a0000 - 0x00007ffddb807000 	C:\WINDOWS\system32\mswsock.dll
0x00007ffdd2c50000 - 0x00007ffdd2c61000 	C:\Program Files\Android\Android Studio\jre\jre\bin\nio.dll
0x00007ffdd2d20000 - 0x00007ffdd2d3e000 	C:\Users\youseearya\.gradle\native\25\windows-amd64\native-platform.dll
0x00007ffdd71f0000 - 0x00007ffdd71fd000 	C:\Program Files\Android\Android Studio\jre\jre\bin\management.dll
0x00007ffddb310000 - 0x00007ffddb343000 	C:\WINDOWS\system32\rsaenh.dll
0x00007ffddca70000 - 0x00007ffddca96000 	C:\WINDOWS\System32\bcrypt.dll
0x00007ffddbe50000 - 0x00007ffddbe75000 	C:\WINDOWS\SYSTEM32\USERENV.dll
0x00007ffddb970000 - 0x00007ffddb97c000 	C:\WINDOWS\SYSTEM32\CRYPTBASE.dll
0x00007ffddb4b0000 - 0x00007ffddb4ea000 	C:\WINDOWS\SYSTEM32\IPHLPAPI.DLL
0x00007ffdddaf0000 - 0x00007ffdddaf8000 	C:\WINDOWS\System32\NSI.dll
0x00007ffdd0c00000 - 0x00007ffdd0c16000 	C:\WINDOWS\SYSTEM32\dhcpcsvc6.DLL
0x00007ffdd2fc0000 - 0x00007ffdd2fdc000 	C:\WINDOWS\SYSTEM32\dhcpcsvc.DLL
0x00007ffddb4f0000 - 0x00007ffddb5ba000 	C:\WINDOWS\SYSTEM32\DNSAPI.dll

VM Arguments:
jvm_args: -Xmx1536m -Dfile.encoding=windows-1252 -Duser.country=US -Duser.language=en -Duser.variant 
java_command: org.gradle.launcher.daemon.bootstrap.GradleDaemon 5.1.1
java_class_path (initial): C:\Users\youseearya\.gradle\wrapper\dists\gradle-5.1.1-all\97z1ksx6lirer3kbvdnh7jtjg\gradle-5.1.1\lib\gradle-launcher-5.1.1.jar
Launcher Type: SUN_STANDARD

Environment Variables:
PATH=C:\Program Files (x86)\Intel\Intel(R) Management Engine Components\iCLS\;C:\Program Files\Intel\Intel(R) Management Engine Components\iCLS\;C:\Program Files (x86)\Common Files\Oracle\Java\javapath;C:\Windows\system32;C:\Windows;C:\Windows\System32\Wbem;C:\Windows\System32\WindowsPowerShell\v1.0\;C:\Windows\System32\OpenSSH\;C:\Program Files\Intel\WiFi\bin\;C:\Program Files\Common Files\Intel\WirelessCommon\;C:\Program Files (x86)\NVIDIA Corporation\PhysX\Common;C:\Program Files (x86)\Intel\Intel(R) Management Engine Components\DAL;C:\Program Files\Intel\Intel(R) Management Engine Components\DAL;C:\Program Files (x86)\Intel\Intel(R) Management Engine Components\IPT;C:\Program Files\Intel\Intel(R) Management Engine Components\IPT;C:\WINDOWS\system32;C:\WINDOWS;C:\WINDOWS\System32\Wbem;C:\WINDOWS\System32\WindowsPowerShell\v1.0\;C:\WINDOWS\System32\OpenSSH\;C:\xampp\php;C:\ProgramData\ComposerSetup\bin;C:\Users\youseearya\AppData\Local\Microsoft\WindowsApps;C:\Users\youseearya\AppData\Local\GitHubDesktop\bin
USERNAME=a r  sura pratama
OS=Windows_NT
PROCESSOR_IDENTIFIER=Intel64 Family 6 Model 158 Stepping 10, GenuineIntel



---------------  S Y S T E M  ---------------

OS: Windows 10.0 , 64 bit Build 18362 (10.0.18362.329)

CPU:total 12 (initial active 12) (6 cores per cpu, 2 threads per core) family 6 model 158 stepping 10, cmov, cx8, fxsr, mmx, sse, sse2, sse3, ssse3, sse4.1, sse4.2, popcnt, avx, avx2, aes, clmul, erms, 3dnowpref, lzcnt, ht, tsc, tscinvbit, bmi1, bmi2, adx

Memory: 4k page, physical 8230656k(857632k free), swap 33396480k(4196k free)

vm_info: OpenJDK 64-Bit Server VM (25.202-b03) for windows-amd64 JRE (1.8.0_202-release-1483-b03), built by "builder" with MS VC++ 10.0 (VS2010)

time: Thu Oct 24 11:56:43 2019
timezone: SE Asia Standard Time
elapsed time: 7 seconds (0d 0h 0m 7s)

