#
# There is insufficient memory for the Java Runtime Environment to continue.
# Native memory allocation (malloc) failed to allocate 663840 bytes for Chunk::new
# Possible reasons:
#   The system is out of physical RAM or swap space
#   The process is running with CompressedOops enabled, and the Java Heap may be blocking the growth of the native heap
# Possible solutions:
#   Reduce memory load on the system
#   Increase physical memory or swap space
#   Check if swap backing store is full
#   Decrease Java heap size (-Xmx/-Xms)
#   Decrease number of Java threads
#   Decrease Java thread stack sizes (-Xss)
#   Set larger code cache with -XX:ReservedCodeCacheSize=
#   JVM is running with Unscaled Compressed Oops mode in which the Java heap is
#     placed in the first 4GB address space. The Java Heap base address is the
#     maximum limit for the native heap growth. Please use -XX:HeapBaseMinAddress
#     to set the Java Heap base and to place the Java Heap above 4GB virtual address.
# This output file may be truncated or incomplete.
#
#  Out of Memory Error (allocation.cpp:389), pid=5736, tid=0x0000000000003aac
#
# JRE version: OpenJDK Runtime Environment (8.0_202-b03) (build 1.8.0_202-release-1483-b03)
# Java VM: OpenJDK 64-Bit Server VM (25.202-b03 mixed mode windows-amd64 compressed oops)
# Failed to write core dump. Minidumps are not enabled by default on client versions of Windows
#

---------------  T H R E A D  ---------------

Current thread (0x00000000182aa800):  JavaThread "C2 CompilerThread2" daemon [_thread_in_native, id=15020, stack(0x0000000019b10000,0x0000000019c10000)]

Stack: [0x0000000019b10000,0x0000000019c10000]
[error occurred during error reporting (printing stack bounds), id 0xc0000005]

Native frames: (J=compiled Java code, j=interpreted, Vv=VM code, C=native code)


Current CompileTask:
C2:   9619 6621       4       org.gradle.internal.fingerprint.impl.FingerprintMapSerializer::readFingerprint (91 bytes)


---------------  P R O C E S S  ---------------

Java Threads: ( => current thread )
  0x0000000020642800 JavaThread "Cache worker for execution history cache (D:\Rifqy\New folder\rifqy\.gradle\5.1.1\executionHistory)" [_thread_blocked, id=15404, stack(0x0000000026740000,0x0000000026840000)]
  0x000000002063f800 JavaThread "Execution worker for ':' Thread 11" [_thread_blocked, id=5028, stack(0x0000000026640000,0x0000000026740000)]
  0x0000000020641000 JavaThread "Execution worker for ':' Thread 10" [_thread_blocked, id=3964, stack(0x0000000026540000,0x0000000026640000)]
  0x000000002063e000 JavaThread "Execution worker for ':' Thread 9" [_thread_blocked, id=7216, stack(0x0000000026440000,0x0000000026540000)]
  0x0000000020640800 JavaThread "Execution worker for ':' Thread 8" [_thread_blocked, id=8860, stack(0x0000000026340000,0x0000000026440000)]
  0x0000000020639000 JavaThread "Execution worker for ':' Thread 7" [_thread_blocked, id=7548, stack(0x0000000026240000,0x0000000026340000)]
  0x000000002063d800 JavaThread "Execution worker for ':' Thread 6" [_thread_blocked, id=13056, stack(0x0000000026140000,0x0000000026240000)]
  0x0000000020638000 JavaThread "Execution worker for ':' Thread 5" [_thread_blocked, id=10952, stack(0x0000000026040000,0x0000000026140000)]
  0x000000002063c800 JavaThread "Execution worker for ':' Thread 4" [_thread_blocked, id=4280, stack(0x0000000025f40000,0x0000000026040000)]
  0x0000000020635000 JavaThread "Execution worker for ':' Thread 3" [_thread_blocked, id=7108, stack(0x0000000025e40000,0x0000000025f40000)]
  0x000000002063c000 JavaThread "Execution worker for ':' Thread 2" [_thread_blocked, id=14564, stack(0x0000000025d40000,0x0000000025e40000)]
  0x0000000020637800 JavaThread "Execution worker for ':'" [_thread_blocked, id=13916, stack(0x0000000025c40000,0x0000000025d40000)]
  0x0000000020639800 JavaThread "Cache worker for file content cache (D:\Rifqy\New folder\rifqy\.gradle\5.1.1\fileContent)" [_thread_blocked, id=10264, stack(0x0000000025940000,0x0000000025a40000)]
  0x000000002063b000 JavaThread "Cache worker for file content cache (C:\Users\youseearya\.gradle\caches\5.1.1\fileContent)" [_thread_blocked, id=6824, stack(0x0000000025840000,0x0000000025940000)]
  0x0000000020636000 JavaThread "Memory manager" [_thread_blocked, id=8184, stack(0x0000000024710000,0x0000000024810000)]
  0x000000001e5b3800 JavaThread "Cache worker for Build Output Cleanup Cache (D:\Rifqy\New folder\rifqy\.gradle\buildOutputCleanup)" [_thread_blocked, id=10072, stack(0x0000000024610000,0x0000000024710000)]
  0x000000001e5b2000 JavaThread "pool-1-thread-1" [_thread_blocked, id=2080, stack(0x00000000236e0000,0x00000000237e0000)]
  0x000000001e5aa000 JavaThread "Build operations Thread 12" [_thread_blocked, id=14544, stack(0x0000000023e10000,0x0000000023f10000)]
  0x000000001e5b0000 JavaThread "Build operations Thread 11" [_thread_blocked, id=9956, stack(0x0000000023d10000,0x0000000023e10000)]
  0x000000001e5af000 JavaThread "Build operations Thread 10" [_thread_blocked, id=10340, stack(0x0000000023c10000,0x0000000023d10000)]
  0x000000001e5ae800 JavaThread "Build operations Thread 9" [_thread_blocked, id=10060, stack(0x0000000023b10000,0x0000000023c10000)]
  0x000000001e5aa800 JavaThread "Build operations Thread 8" [_thread_blocked, id=6896, stack(0x0000000023a10000,0x0000000023b10000)]
  0x000000001e5b0800 JavaThread "Build operations Thread 7" [_thread_blocked, id=10096, stack(0x0000000023910000,0x0000000023a10000)]
  0x000000001e5a7000 JavaThread "Build operations Thread 6" [_thread_blocked, id=14440, stack(0x0000000023810000,0x0000000023910000)]
  0x000000001e5ad800 JavaThread "Build operations Thread 5" [_thread_blocked, id=14208, stack(0x00000000235e0000,0x00000000236e0000)]
  0x000000001e5ad000 JavaThread "Build operations Thread 4" [_thread_blocked, id=8164, stack(0x00000000234e0000,0x00000000235e0000)]
  0x000000001e5a6000 JavaThread "Build operations Thread 3" [_thread_blocked, id=5880, stack(0x00000000233e0000,0x00000000234e0000)]
  0x000000001e5ac000 JavaThread "Build operations Thread 2" [_thread_blocked, id=8576, stack(0x00000000232e0000,0x00000000233e0000)]
  0x000000001e5a9000 JavaThread "Build operations" [_thread_blocked, id=8524, stack(0x0000000022b10000,0x0000000022c10000)]
  0x000000001e5a8800 JavaThread "Cache worker for execution history cache (C:\Users\youseearya\.gradle\caches\5.1.1\executionHistory)" [_thread_blocked, id=11568, stack(0x00000000216f0000,0x00000000217f0000)]
  0x000000001e5ab800 JavaThread "Cache worker for cache directory md-rule (C:\Users\youseearya\.gradle\caches\5.1.1\md-rule)" [_thread_blocked, id=5316, stack(0x0000000021810000,0x0000000021910000)]
  0x000000001a155000 JavaThread "Cache worker for cache directory md-supplier (C:\Users\youseearya\.gradle\caches\5.1.1\md-supplier)" [_thread_blocked, id=1576, stack(0x00000000215f0000,0x00000000216f0000)]
  0x000000001a159800 JavaThread "Cache worker for file hash cache (D:\Rifqy\New folder\rifqy\.gradle\5.1.1\fileHashes)" [_thread_in_native, id=12840, stack(0x000000001ed00000,0x000000001ee00000)]
  0x000000001a158800 JavaThread "Cache worker for journal cache (C:\Users\youseearya\.gradle\caches\journal-1)" [_thread_blocked, id=6276, stack(0x000000001da30000,0x000000001db30000)]
  0x000000001a155800 JavaThread "File lock request listener" [_thread_in_native, id=1112, stack(0x000000001d930000,0x000000001da30000)]
  0x000000001b7fa800 JavaThread "Cache worker for file hash cache (C:\Users\youseearya\.gradle\caches\5.1.1\fileHashes)" [_thread_blocked, id=13812, stack(0x000000001d830000,0x000000001d930000)]
  0x000000001ac25800 JavaThread "Thread-8" [_thread_blocked, id=4404, stack(0x000000001d730000,0x000000001d830000)]
  0x000000001b196800 JavaThread "Stdin handler" [_thread_blocked, id=4572, stack(0x000000001d630000,0x000000001d730000)]
  0x000000001b196000 JavaThread "Asynchronous log dispatcher for DefaultDaemonConnection: socket connection from /127.0.0.1:52608 to /127.0.0.1:52609" [_thread_blocked, id=11784, stack(0x000000001d530000,0x000000001d630000)]
  0x000000001b1a5000 JavaThread "Daemon worker" [_thread_blocked, id=7876, stack(0x000000001d430000,0x000000001d530000)]
  0x00000000184fb000 JavaThread "Cancel handler" [_thread_blocked, id=5232, stack(0x000000001d330000,0x000000001d430000)]
  0x00000000184f3000 JavaThread "Handler for socket connection from /127.0.0.1:52608 to /127.0.0.1:52609" [_thread_in_native, id=12064, stack(0x000000001d030000,0x000000001d130000)]
  0x00000000184f5800 JavaThread "Daemon" [_thread_blocked, id=11512, stack(0x000000001cf30000,0x000000001d030000)]
  0x000000001b17b800 JavaThread "Daemon periodic checks" [_thread_blocked, id=1868, stack(0x000000001ce30000,0x000000001cf30000)]
  0x000000001b175000 JavaThread "Incoming local TCP Connector on port 52608" [_thread_in_native, id=13712, stack(0x000000001cbf0000,0x000000001ccf0000)]
  0x000000001832e800 JavaThread "Service Thread" daemon [_thread_blocked, id=4700, stack(0x0000000019d10000,0x0000000019e10000)]
  0x00000000182ab000 JavaThread "C1 CompilerThread3" daemon [_thread_blocked, id=13260, stack(0x0000000019c10000,0x0000000019d10000)]
=>0x00000000182aa800 JavaThread "C2 CompilerThread2" daemon [_thread_in_native, id=15020, stack(0x0000000019b10000,0x0000000019c10000)]
  0x00000000182a5000 JavaThread "C2 CompilerThread1" daemon [_thread_blocked, id=11448, stack(0x0000000019a10000,0x0000000019b10000)]
  0x000000001829b000 JavaThread "C2 CompilerThread0" daemon [_thread_blocked, id=9876, stack(0x0000000019910000,0x0000000019a10000)]
  0x0000000018299000 JavaThread "Attach Listener" daemon [_thread_blocked, id=6920, stack(0x0000000019810000,0x0000000019910000)]
  0x0000000018298000 JavaThread "Signal Dispatcher" daemon [_thread_blocked, id=7132, stack(0x0000000019710000,0x0000000019810000)]
  0x0000000002c0a000 JavaThread "Finalizer" daemon [_thread_blocked, id=16024, stack(0x0000000019510000,0x0000000019610000)]
  0x0000000016bcc800 JavaThread "Reference Handler" daemon [_thread_blocked, id=9464, stack(0x0000000019410000,0x0000000019510000)]
  0x0000000002b0e800 JavaThread "main" [_thread_blocked, id=1796, stack(0x0000000002970000,0x0000000002a70000)]

Other Threads:
  0x0000000016bc5800 VMThread [stack: 0x0000000019310000,0x0000000019410000] [id=6180]
  0x0000000018330800 WatcherThread [stack: 0x0000000019e10000,0x0000000019f10000] [id=6708]

VM state:not at safepoint (normal execution)

VM Mutex/Monitor currently owned by a thread: None

heap address: 0x00000000a0000000, size: 1536 MB, Compressed Oops mode: 32-bit
Narrow klass base: 0x0000000000000000, Narrow klass shift: 3
Compressed class space size: 1073741824 Address: 0x0000000100000000

Heap:
 PSYoungGen      total 161792K, used 118981K [0x00000000e0000000, 0x00000000ee280000, 0x0000000100000000)
  eden space 147456K, 80% used [0x00000000e0000000,0x00000000e7431478,0x00000000e9000000)
  from space 14336K, 0% used [0x00000000e9000000,0x00000000e9000000,0x00000000e9e00000)
  to   space 15872K, 0% used [0x00000000ed300000,0x00000000ed300000,0x00000000ee280000)
 ParOldGen       total 125952K, used 35010K [0x00000000a0000000, 0x00000000a7b00000, 0x00000000e0000000)
  object space 125952K, 27% used [0x00000000a0000000,0x00000000a2230b58,0x00000000a7b00000)
 Metaspace       used 62061K, capacity 64316K, committed 64536K, reserved 1105920K
  class space    used 8413K, capacity 8909K, committed 9000K, reserved 1048576K

Card table byte_map: [0x0000000011fd0000,0x00000000122e0000] byte_map_base: 0x0000000011ad0000

Marking Bits: (ParMarkBitMap*) 0x0000000059c69f30
 Begin Bits: [0x0000000012ee0000, 0x00000000146e0000)
 End Bits:   [0x00000000146e0000, 0x0000000015ee0000)

Polling page: 0x0000000000be0000

CodeCache: size=245760Kb used=19255Kb max_used=19419Kb free=226505Kb
 bounds [0x0000000002c10000, 0x0000000003f20000, 0x0000000011c10000]
 total_blobs=6934 nmethods=6136 adapters=711
 compilation: enabled

Compilation events (10 events):
Event: 9.549 Thread 0x00000000182ab000 6725       3       java.nio.file.Files::isSameFile (10 bytes)
Event: 9.549 Thread 0x000000001829b000 nmethod 6610 0x0000000002e1b890 code [0x0000000002e1ba00, 0x0000000002e1be38]
Event: 9.549 Thread 0x00000000182ab000 nmethod 6725 0x0000000003890f90 code [0x0000000003891120, 0x0000000003891508]
Event: 9.549 Thread 0x00000000182ab000 6726   !   3       sun.nio.fs.WindowsFileSystemProvider::isSameFile (180 bytes)
Event: 9.550 Thread 0x00000000182ab000 nmethod 6726 0x00000000034a2790 code [0x00000000034a2ae0, 0x00000000034a43c8]
Event: 9.550 Thread 0x00000000182ab000 6728       3       sun.reflect.ClassFileAssembler::opc_athrow (12 bytes)
Event: 9.550 Thread 0x00000000182ab000 nmethod 6728 0x0000000003890990 code [0x0000000003890b20, 0x0000000003890e28]
Event: 9.550 Thread 0x00000000182ab000 6727       3       sun.nio.fs.WindowsPath::equals (30 bytes)
Event: 9.551 Thread 0x00000000182ab000 nmethod 6727 0x0000000003890250 code [0x00000000038903e0, 0x00000000038908c8]
Event: 9.559 Thread 0x00000000182a5000 nmethod 6723% 0x000000000388f2d0 code [0x000000000388f440, 0x000000000388fcb8]

GC Heap History (10 events):
Event: 5.961 GC heap before
{Heap before GC invocations=10 (full 1):
 PSYoungGen      total 118784K, used 61154K [0x00000000e0000000, 0x00000000e7f80000, 0x0000000100000000)
  eden space 109056K, 47% used [0x00000000e0000000,0x00000000e3300938,0x00000000e6a80000)
  from space 9728K, 91% used [0x00000000e7600000,0x00000000e7eb8288,0x00000000e7f80000)
  to   space 10752K, 0% used [0x00000000e6a80000,0x00000000e6a80000,0x00000000e7500000)
 ParOldGen       total 56320K, used 8237K [0x00000000a0000000, 0x00000000a3700000, 0x00000000e0000000)
  object space 56320K, 14% used [0x00000000a0000000,0x00000000a080b758,0x00000000a3700000)
 Metaspace       used 34623K, capacity 35422K, committed 35496K, reserved 1079296K
  class space    used 4777K, capacity 5012K, committed 5032K, reserved 1048576K
Event: 5.969 GC heap after
Heap after GC invocations=10 (full 1):
 PSYoungGen      total 119808K, used 10311K [0x00000000e0000000, 0x00000000ea980000, 0x0000000100000000)
  eden space 109056K, 0% used [0x00000000e0000000,0x00000000e0000000,0x00000000e6a80000)
  from space 10752K, 95% used [0x00000000e6a80000,0x00000000e7491ee8,0x00000000e7500000)
  to   space 11776K, 0% used [0x00000000e9e00000,0x00000000e9e00000,0x00000000ea980000)
 ParOldGen       total 56320K, used 8245K [0x00000000a0000000, 0x00000000a3700000, 0x00000000e0000000)
  object space 56320K, 14% used [0x00000000a0000000,0x00000000a080d758,0x00000000a3700000)
 Metaspace       used 34623K, capacity 35422K, committed 35496K, reserved 1079296K
  class space    used 4777K, capacity 5012K, committed 5032K, reserved 1048576K
}
Event: 5.969 GC heap before
{Heap before GC invocations=11 (full 2):
 PSYoungGen      total 119808K, used 10311K [0x00000000e0000000, 0x00000000ea980000, 0x0000000100000000)
  eden space 109056K, 0% used [0x00000000e0000000,0x00000000e0000000,0x00000000e6a80000)
  from space 10752K, 95% used [0x00000000e6a80000,0x00000000e7491ee8,0x00000000e7500000)
  to   space 11776K, 0% used [0x00000000e9e00000,0x00000000e9e00000,0x00000000ea980000)
 ParOldGen       total 56320K, used 8245K [0x00000000a0000000, 0x00000000a3700000, 0x00000000e0000000)
  object space 56320K, 14% used [0x00000000a0000000,0x00000000a080d758,0x00000000a3700000)
 Metaspace       used 34623K, capacity 35422K, committed 35496K, reserved 1079296K
  class space    used 4777K, capacity 5012K, committed 5032K, reserved 1048576K
Event: 6.006 GC heap after
Heap after GC invocations=11 (full 2):
 PSYoungGen      total 119808K, used 0K [0x00000000e0000000, 0x00000000ea980000, 0x0000000100000000)
  eden space 109056K, 0% used [0x00000000e0000000,0x00000000e0000000,0x00000000e6a80000)
  from space 10752K, 0% used [0x00000000e6a80000,0x00000000e6a80000,0x00000000e7500000)
  to   space 11776K, 0% used [0x00000000e9e00000,0x00000000e9e00000,0x00000000ea980000)
 ParOldGen       total 80896K, used 17158K [0x00000000a0000000, 0x00000000a4f00000, 0x00000000e0000000)
  object space 80896K, 21% used [0x00000000a0000000,0x00000000a10c1998,0x00000000a4f00000)
 Metaspace       used 34580K, capacity 35278K, committed 35496K, reserved 1079296K
  class space    used 4764K, capacity 4988K, committed 5032K, reserved 1048576K
}
Event: 6.902 GC heap before
{Heap before GC invocations=12 (full 2):
 PSYoungGen      total 119808K, used 109056K [0x00000000e0000000, 0x00000000ea980000, 0x0000000100000000)
  eden space 109056K, 100% used [0x00000000e0000000,0x00000000e6a80000,0x00000000e6a80000)
  from space 10752K, 0% used [0x00000000e6a80000,0x00000000e6a80000,0x00000000e7500000)
  to   space 11776K, 0% used [0x00000000e9e00000,0x00000000e9e00000,0x00000000ea980000)
 ParOldGen       total 80896K, used 17158K [0x00000000a0000000, 0x00000000a4f00000, 0x00000000e0000000)
  object space 80896K, 21% used [0x00000000a0000000,0x00000000a10c1998,0x00000000a4f00000)
 Metaspace       used 45204K, capacity 46164K, committed 46504K, reserved 1089536K
  class space    used 6061K, capacity 6311K, committed 6312K, reserved 1048576K
Event: 6.913 GC heap after
Heap after GC invocations=12 (full 2):
 PSYoungGen      total 159232K, used 11767K [0x00000000e0000000, 0x00000000ead80000, 0x0000000100000000)
  eden space 147456K, 0% used [0x00000000e0000000,0x00000000e0000000,0x00000000e9000000)
  from space 11776K, 99% used [0x00000000e9e00000,0x00000000ea97df48,0x00000000ea980000)
  to   space 14336K, 0% used [0x00000000e9000000,0x00000000e9000000,0x00000000e9e00000)
 ParOldGen       total 80896K, used 20078K [0x00000000a0000000, 0x00000000a4f00000, 0x00000000e0000000)
  object space 80896K, 24% used [0x00000000a0000000,0x00000000a139ba50,0x00000000a4f00000)
 Metaspace       used 45204K, capacity 46164K, committed 46504K, reserved 1089536K
  class space    used 6061K, capacity 6311K, committed 6312K, reserved 1048576K
}
Event: 8.351 GC heap before
{Heap before GC invocations=13 (full 2):
 PSYoungGen      total 159232K, used 150947K [0x00000000e0000000, 0x00000000ead80000, 0x0000000100000000)
  eden space 147456K, 94% used [0x00000000e0000000,0x00000000e87eafa0,0x00000000e9000000)
  from space 11776K, 99% used [0x00000000e9e00000,0x00000000ea97df48,0x00000000ea980000)
  to   space 14336K, 0% used [0x00000000e9000000,0x00000000e9000000,0x00000000e9e00000)
 ParOldGen       total 80896K, used 20078K [0x00000000a0000000, 0x00000000a4f00000, 0x00000000e0000000)
  object space 80896K, 24% used [0x00000000a0000000,0x00000000a139ba50,0x00000000a4f00000)
 Metaspace       used 57605K, capacity 59012K, committed 59160K, reserved 1099776K
  class space    used 7770K, capacity 8139K, committed 8232K, reserved 1048576K
Event: 8.370 GC heap after
Heap after GC invocations=13 (full 2):
 PSYoungGen      total 161792K, used 14322K [0x00000000e0000000, 0x00000000ee280000, 0x0000000100000000)
  eden space 147456K, 0% used [0x00000000e0000000,0x00000000e0000000,0x00000000e9000000)
  from space 14336K, 99% used [0x00000000e9000000,0x00000000e9dfca58,0x00000000e9e00000)
  to   space 15872K, 0% used [0x00000000ed300000,0x00000000ed300000,0x00000000ee280000)
 ParOldGen       total 80896K, used 27246K [0x00000000a0000000, 0x00000000a4f00000, 0x00000000e0000000)
  object space 80896K, 33% used [0x00000000a0000000,0x00000000a1a9b848,0x00000000a4f00000)
 Metaspace       used 57605K, capacity 59012K, committed 59160K, reserved 1099776K
  class space    used 7770K, capacity 8139K, committed 8232K, reserved 1048576K
}
Event: 8.370 GC heap before
{Heap before GC invocations=14 (full 3):
 PSYoungGen      total 161792K, used 14322K [0x00000000e0000000, 0x00000000ee280000, 0x0000000100000000)
  eden space 147456K, 0% used [0x00000000e0000000,0x00000000e0000000,0x00000000e9000000)
  from space 14336K, 99% used [0x00000000e9000000,0x00000000e9dfca58,0x00000000e9e00000)
  to   space 15872K, 0% used [0x00000000ed300000,0x00000000ed300000,0x00000000ee280000)
 ParOldGen       total 80896K, used 27246K [0x00000000a0000000, 0x00000000a4f00000, 0x00000000e0000000)
  object space 80896K, 33% used [0x00000000a0000000,0x00000000a1a9b848,0x00000000a4f00000)
 Metaspace       used 57605K, capacity 59012K, committed 59160K, reserved 1099776K
  class space    used 7770K, capacity 8139K, committed 8232K, reserved 1048576K
Event: 8.586 GC heap after
Heap after GC invocations=14 (full 3):
 PSYoungGen      total 161792K, used 0K [0x00000000e0000000, 0x00000000ee280000, 0x0000000100000000)
  eden space 147456K, 0% used [0x00000000e0000000,0x00000000e0000000,0x00000000e9000000)
  from space 14336K, 0% used [0x00000000e9000000,0x00000000e9000000,0x00000000e9e00000)
  to   space 15872K, 0% used [0x00000000ed300000,0x00000000ed300000,0x00000000ee280000)
 ParOldGen       total 125952K, used 35010K [0x00000000a0000000, 0x00000000a7b00000, 0x00000000e0000000)
  object space 125952K, 27% used [0x00000000a0000000,0x00000000a2230b58,0x00000000a7b00000)
 Metaspace       used 57605K, capacity 59012K, committed 59160K, reserved 1099776K
  class space    used 7770K, capacity 8139K, committed 8232K, reserved 1048576K
}

Deoptimization events (10 events):
Event: 9.284 Thread 0x000000002063e000 Uncommon trap: reason=unstable_if action=reinterpret pc=0x000000000395ae3c method=java.util.concurrent.ConcurrentHashMap.addCount(JI)V @ 168
Event: 9.309 Thread 0x000000001ac25800 Uncommon trap: reason=unstable_if action=reinterpret pc=0x0000000003e089fc method=java.io.ObjectOutputStream$BlockDataOutputStream.drain()V @ 12
Event: 9.334 Thread 0x000000001e5a8800 Uncommon trap: reason=unstable_if action=reinterpret pc=0x0000000003ebb1b8 method=com.esotericsoftware.kryo.io.Input.readUtf8(I)V @ 79
Event: 9.431 Thread 0x0000000020635000 Uncommon trap: reason=unstable_if action=reinterpret pc=0x0000000003ef9dcc method=com.google.common.cache.LocalCache$Segment.drainRecencyQueue()V @ 14
Event: 9.443 Thread 0x0000000020639000 Uncommon trap: reason=unstable_if action=reinterpret pc=0x0000000003e630d0 method=java.util.concurrent.locks.ReentrantLock$Sync.nonfairTryAcquire(I)Z @ 19
Event: 9.498 Thread 0x0000000020637800 Uncommon trap: reason=bimorphic action=maybe_recompile pc=0x0000000003183244 method=org.gradle.internal.snapshot.RegularFileSnapshot.accept(Lorg/gradle/internal/snapshot/FileSystemSnapshotVisitor;)V @ 2
Event: 9.498 Thread 0x0000000020637800 Uncommon trap: reason=bimorphic action=maybe_recompile pc=0x0000000003183244 method=org.gradle.internal.snapshot.RegularFileSnapshot.accept(Lorg/gradle/internal/snapshot/FileSystemSnapshotVisitor;)V @ 2
Event: 9.498 Thread 0x0000000020637800 Uncommon trap: reason=bimorphic action=maybe_recompile pc=0x0000000003183244 method=org.gradle.internal.snapshot.RegularFileSnapshot.accept(Lorg/gradle/internal/snapshot/FileSystemSnapshotVisitor;)V @ 2
Event: 9.498 Thread 0x0000000020637800 Uncommon trap: reason=bimorphic action=maybe_recompile pc=0x0000000003183244 method=org.gradle.internal.snapshot.RegularFileSnapshot.accept(Lorg/gradle/internal/snapshot/FileSystemSnapshotVisitor;)V @ 2
Event: 9.502 Thread 0x000000001e5ac000 Uncommon trap: reason=unstable_if action=reinterpret pc=0x000000000396f3d0 method=java.util.concurrent.ConcurrentHashMap.addCount(JI)V @ 97

Classes redefined (0 events):
No events

Internal exceptions (10 events):
Event: 8.796 Thread 0x000000001b1a5000 Exception <a 'java/lang/NoSuchMethodError': java.lang.Object.lambda$static$1(Ljava/util/Set;Ljava/util/Set;)Z> (0x00000000e12c1de0) thrown at [D:\src\AOSP-openjdk-cygwin\jdk8u\hotspot\src\share\vm\interpreter\linkResolver.cpp, line 620]
Event: 8.796 Thread 0x000000001b1a5000 Exception <a 'java/lang/NoSuchMethodError': java.lang.Object.lambda$static$2(Ljava/util/Set;Ljava/util/Set;)Z> (0x00000000e12c4738) thrown at [D:\src\AOSP-openjdk-cygwin\jdk8u\hotspot\src\share\vm\interpreter\linkResolver.cpp, line 620]
Event: 8.796 Thread 0x000000001b1a5000 Exception <a 'java/lang/NoSuchMethodError': java.lang.Object.lambda$static$3(Ljava/util/Set;Ljava/util/Set;)Z> (0x00000000e12c7090) thrown at [D:\src\AOSP-openjdk-cygwin\jdk8u\hotspot\src\share\vm\interpreter\linkResolver.cpp, line 620]
Event: 9.303 Thread 0x000000001ac25800 Exception <a 'java/lang/NoSuchMethodError': <clinit>> (0x00000000e54fe188) thrown at [D:\src\AOSP-openjdk-cygwin\jdk8u\hotspot\src\share\vm\prims\jni.cpp, line 1614]
Event: 9.305 Thread 0x000000001ac25800 Exception <a 'java/lang/NoSuchMethodError': <clinit>> (0x00000000e5509e68) thrown at [D:\src\AOSP-openjdk-cygwin\jdk8u\hotspot\src\share\vm\prims\jni.cpp, line 1614]
Event: 9.311 Thread 0x000000001ac25800 Exception <a 'java/lang/NoSuchMethodError': <clinit>> (0x00000000e5516380) thrown at [D:\src\AOSP-openjdk-cygwin\jdk8u\hotspot\src\share\vm\prims\jni.cpp, line 1614]
Event: 9.332 Thread 0x000000001ac25800 Exception <a 'java/lang/NoSuchMethodError': <clinit>> (0x00000000e5551bf8) thrown at [D:\src\AOSP-openjdk-cygwin\jdk8u\hotspot\src\share\vm\prims\jni.cpp, line 1614]
Event: 9.334 Thread 0x000000001ac25800 Exception <a 'java/lang/NoSuchMethodError': <clinit>> (0x00000000e5563248) thrown at [D:\src\AOSP-openjdk-cygwin\jdk8u\hotspot\src\share\vm\prims\jni.cpp, line 1614]
Event: 9.334 Thread 0x000000001ac25800 Exception <a 'java/lang/NoSuchMethodError': <clinit>> (0x00000000e5564d60) thrown at [D:\src\AOSP-openjdk-cygwin\jdk8u\hotspot\src\share\vm\prims\jni.cpp, line 1614]
Event: 9.526 Thread 0x000000001ac25800 Exception <a 'java/lang/NoSuchMethodError': <clinit>> (0x00000000e72b3e38) thrown at [D:\src\AOSP-openjdk-cygwin\jdk8u\hotspot\src\share\vm\prims\jni.cpp, line 1614]

Events (10 events):
Event: 9.541 Executing VM operation: RevokeBias
Event: 9.541 Executing VM operation: RevokeBias done
Event: 9.543 loading class com/android/manifmerger/PlaceholderHandler
Event: 9.543 loading class com/android/manifmerger/PlaceholderHandler done
Event: 9.544 Executing VM operation: RevokeBias
Event: 9.544 Executing VM operation: RevokeBias done
Event: 9.544 Executing VM operation: RevokeBias
Event: 9.544 Executing VM operation: RevokeBias done
Event: 9.546 loading class org/gradle/internal/fingerprint/impl/IgnoredPathFingerprintingStrategy$1
Event: 9.546 loading class org/gradle/internal/fingerprint/impl/IgnoredPathFingerprintingStrategy$1 done


Dynamic libraries:
0x00007ff66d530000 - 0x00007ff66d561000 	C:\Program Files\Android\Android Studio\jre\bin\java.exe
0x00007ffddf060000 - 0x00007ffddf250000 	C:\WINDOWS\SYSTEM32\ntdll.dll
0x00007ffdddb60000 - 0x00007ffdddc12000 	C:\WINDOWS\System32\KERNEL32.DLL
0x00007ffddcb80000 - 0x00007ffddce23000 	C:\WINDOWS\System32\KERNELBASE.dll
0x00007ffddd450000 - 0x00007ffddd4f3000 	C:\WINDOWS\System32\ADVAPI32.dll
0x00007ffddda50000 - 0x00007ffdddaee000 	C:\WINDOWS\System32\msvcrt.dll
0x00007ffddee40000 - 0x00007ffddeed7000 	C:\WINDOWS\System32\sechost.dll
0x00007ffdde580000 - 0x00007ffdde6a0000 	C:\WINDOWS\System32\RPCRT4.dll
0x00007ffdde3b0000 - 0x00007ffdde544000 	C:\WINDOWS\System32\USER32.dll
0x00007ffddcb50000 - 0x00007ffddcb71000 	C:\WINDOWS\System32\win32u.dll
0x00007ffdde550000 - 0x00007ffdde576000 	C:\WINDOWS\System32\GDI32.dll
0x00007ffddc8d0000 - 0x00007ffddca64000 	C:\WINDOWS\System32\gdi32full.dll
0x00007ffddcf20000 - 0x00007ffddcfbe000 	C:\WINDOWS\System32\msvcp_win.dll
0x00007ffddc770000 - 0x00007ffddc86a000 	C:\WINDOWS\System32\ucrtbase.dll
0x00007ffdce7f0000 - 0x00007ffdcea75000 	C:\WINDOWS\WinSxS\amd64_microsoft.windows.common-controls_6595b64144ccf1df_6.0.18362.418_none_e6c6b287130d565d\COMCTL32.dll
0x00007ffddd110000 - 0x00007ffddd446000 	C:\WINDOWS\System32\combase.dll
0x00007ffddce50000 - 0x00007ffddced0000 	C:\WINDOWS\System32\bcryptPrimitives.dll
0x00007ffddd8f0000 - 0x00007ffddd91e000 	C:\WINDOWS\System32\IMM32.DLL
0x0000000059260000 - 0x0000000059332000 	C:\Program Files\Android\Android Studio\jre\jre\bin\msvcr100.dll
0x00000000594a0000 - 0x0000000059ce6000 	C:\Program Files\Android\Android Studio\jre\jre\bin\server\jvm.dll
0x00007ffdde740000 - 0x00007ffdde748000 	C:\WINDOWS\System32\PSAPI.DLL
0x00007ffdc5360000 - 0x00007ffdc5369000 	C:\WINDOWS\SYSTEM32\WSOCK32.dll
0x00007ffdd5d30000 - 0x00007ffdd5d3a000 	C:\WINDOWS\SYSTEM32\VERSION.dll
0x00007ffdd9df0000 - 0x00007ffdd9e14000 	C:\WINDOWS\SYSTEM32\WINMM.dll
0x00007ffddd880000 - 0x00007ffddd8ef000 	C:\WINDOWS\System32\WS2_32.dll
0x00007ffdd9dc0000 - 0x00007ffdd9ded000 	C:\WINDOWS\SYSTEM32\WINMMBASE.dll
0x00007ffddced0000 - 0x00007ffddcf1a000 	C:\WINDOWS\System32\cfgmgr32.dll
0x00007ffdd8970000 - 0x00007ffdd897f000 	C:\Program Files\Android\Android Studio\jre\jre\bin\verify.dll
0x00007ffdcf480000 - 0x00007ffdcf4a9000 	C:\Program Files\Android\Android Studio\jre\jre\bin\java.dll
0x00007ffdd55b0000 - 0x00007ffdd55c6000 	C:\Program Files\Android\Android Studio\jre\jre\bin\zip.dll
0x00007ffdde750000 - 0x00007ffddee35000 	C:\WINDOWS\System32\SHELL32.dll
0x00007ffdddd80000 - 0x00007ffddde29000 	C:\WINDOWS\System32\shcore.dll
0x00007ffddbff0000 - 0x00007ffddc76f000 	C:\WINDOWS\System32\windows.storage.dll
0x00007ffddbf60000 - 0x00007ffddbf7f000 	C:\WINDOWS\System32\profapi.dll
0x00007ffddbf80000 - 0x00007ffddbfca000 	C:\WINDOWS\System32\powrprof.dll
0x00007ffddbf30000 - 0x00007ffddbf40000 	C:\WINDOWS\System32\UMPDC.dll
0x00007ffddde30000 - 0x00007ffddde82000 	C:\WINDOWS\System32\shlwapi.dll
0x00007ffddbf40000 - 0x00007ffddbf51000 	C:\WINDOWS\System32\kernel.appcore.dll
0x00007ffddce30000 - 0x00007ffddce47000 	C:\WINDOWS\System32\cryptsp.dll
0x00007ffdd4f80000 - 0x00007ffdd4f9a000 	C:\Program Files\Android\Android Studio\jre\jre\bin\net.dll
0x00007ffddb7a0000 - 0x00007ffddb807000 	C:\WINDOWS\system32\mswsock.dll
0x00007ffdd2c50000 - 0x00007ffdd2c61000 	C:\Program Files\Android\Android Studio\jre\jre\bin\nio.dll
0x00007ffdd2d20000 - 0x00007ffdd2d3e000 	C:\Users\youseearya\.gradle\native\25\windows-amd64\native-platform.dll
0x00007ffdd71f0000 - 0x00007ffdd71fd000 	C:\Program Files\Android\Android Studio\jre\jre\bin\management.dll
0x00007ffddb310000 - 0x00007ffddb343000 	C:\WINDOWS\system32\rsaenh.dll
0x00007ffddca70000 - 0x00007ffddca96000 	C:\WINDOWS\System32\bcrypt.dll
0x00007ffddbe50000 - 0x00007ffddbe75000 	C:\WINDOWS\SYSTEM32\USERENV.dll
0x00007ffddb970000 - 0x00007ffddb97c000 	C:\WINDOWS\SYSTEM32\CRYPTBASE.dll
0x00007ffddb4b0000 - 0x00007ffddb4ea000 	C:\WINDOWS\SYSTEM32\IPHLPAPI.DLL
0x00007ffdddaf0000 - 0x00007ffdddaf8000 	C:\WINDOWS\System32\NSI.dll
0x00007ffdd0c00000 - 0x00007ffdd0c16000 	C:\WINDOWS\SYSTEM32\dhcpcsvc6.DLL
0x00007ffdd2fc0000 - 0x00007ffdd2fdc000 	C:\WINDOWS\SYSTEM32\dhcpcsvc.DLL
0x00007ffddb4f0000 - 0x00007ffddb5ba000 	C:\WINDOWS\SYSTEM32\DNSAPI.dll

VM Arguments:
jvm_args: -Xmx1536m -Dfile.encoding=windows-1252 -Duser.country=US -Duser.language=en -Duser.variant 
java_command: org.gradle.launcher.daemon.bootstrap.GradleDaemon 5.1.1
java_class_path (initial): C:\Users\youseearya\.gradle\wrapper\dists\gradle-5.1.1-all\97z1ksx6lirer3kbvdnh7jtjg\gradle-5.1.1\lib\gradle-launcher-5.1.1.jar
Launcher Type: SUN_STANDARD

Environment Variables:
PATH=C:\Program Files (x86)\Intel\Intel(R) Management Engine Components\iCLS\;C:\Program Files\Intel\Intel(R) Management Engine Components\iCLS\;C:\Program Files (x86)\Common Files\Oracle\Java\javapath;C:\Windows\system32;C:\Windows;C:\Windows\System32\Wbem;C:\Windows\System32\WindowsPowerShell\v1.0\;C:\Windows\System32\OpenSSH\;C:\Program Files\Intel\WiFi\bin\;C:\Program Files\Common Files\Intel\WirelessCommon\;C:\Program Files (x86)\NVIDIA Corporation\PhysX\Common;C:\Program Files (x86)\Intel\Intel(R) Management Engine Components\DAL;C:\Program Files\Intel\Intel(R) Management Engine Components\DAL;C:\Program Files (x86)\Intel\Intel(R) Management Engine Components\IPT;C:\Program Files\Intel\Intel(R) Management Engine Components\IPT;C:\WINDOWS\system32;C:\WINDOWS;C:\WINDOWS\System32\Wbem;C:\WINDOWS\System32\WindowsPowerShell\v1.0\;C:\WINDOWS\System32\OpenSSH\;C:\xampp\php;C:\ProgramData\ComposerSetup\bin;C:\Users\youseearya\AppData\Local\Microsoft\WindowsApps;C:\Users\youseearya\AppData\Local\GitHubDesktop\bin
USERNAME=a r  sura pratama
OS=Windows_NT
PROCESSOR_IDENTIFIER=Intel64 Family 6 Model 158 Stepping 10, GenuineIntel



---------------  S Y S T E M  ---------------

OS: Windows 10.0 , 64 bit Build 18362 (10.0.18362.329)

CPU:total 12 (initial active 12) (6 cores per cpu, 2 threads per core) family 6 model 158 stepping 10, cmov, cx8, fxsr, mmx, sse, sse2, sse3, ssse3, sse4.1, sse4.2, popcnt, avx, avx2, aes, clmul, erms, 3dnowpref, lzcnt, ht, tsc, tscinvbit, bmi1, bmi2, adx

Memory: 4k page, physical 8230656k(553060k free), swap 33396480k(1180k free)

vm_info: OpenJDK 64-Bit Server VM (25.202-b03) for windows-amd64 JRE (1.8.0_202-release-1483-b03), built by "builder" with MS VC++ 10.0 (VS2010)

time: Thu Oct 24 11:58:06 2019
timezone: SE Asia Standard Time
elapsed time: 9 seconds (0d 0h 0m 9s)

